{"/Users/javieralmenaraherrera/PROYECTO/final-project-e01/packages/backend/src/Class/DBAdapter.ts":{"path":"/Users/javieralmenaraherrera/PROYECTO/final-project-e01/packages/backend/src/Class/DBAdapter.ts","statementMap":{"0":{"start":{"line":18,"column":29},"end":{"line":18,"column":31}},"1":{"start":{"line":27,"column":4},"end":{"line":31,"column":5}},"2":{"start":{"line":28,"column":6},"end":{"line":28,"column":73}},"3":{"start":{"line":30,"column":6},"end":{"line":30,"column":47}},"4":{"start":{"line":35,"column":4},"end":{"line":45,"column":5}},"5":{"start":{"line":36,"column":6},"end":{"line":38,"column":7}},"6":{"start":{"line":37,"column":8},"end":{"line":37,"column":96}},"7":{"start":{"line":39,"column":6},"end":{"line":39,"column":69}},"8":{"start":{"line":41,"column":6},"end":{"line":43,"column":7}},"9":{"start":{"line":42,"column":8},"end":{"line":42,"column":120}},"10":{"start":{"line":44,"column":6},"end":{"line":44,"column":93}},"11":{"start":{"line":49,"column":4},"end":{"line":49,"column":40}},"12":{"start":{"line":53,"column":4},"end":{"line":53,"column":68}},"13":{"start":{"line":57,"column":4},"end":{"line":57,"column":47}},"14":{"start":{"line":61,"column":4},"end":{"line":61,"column":47}},"15":{"start":{"line":65,"column":4},"end":{"line":65,"column":41}},"16":{"start":{"line":69,"column":4},"end":{"line":69,"column":45}}},"fnMap":{"0":{"name":"(anonymous_0)","decl":{"start":{"line":26,"column":2},"end":{"line":26,"column":3}},"loc":{"start":{"line":26,"column":151},"end":{"line":32,"column":3}},"line":26},"1":{"name":"(anonymous_1)","decl":{"start":{"line":34,"column":2},"end":{"line":34,"column":3}},"loc":{"start":{"line":34,"column":187},"end":{"line":46,"column":3}},"line":34},"2":{"name":"(anonymous_2)","decl":{"start":{"line":48,"column":2},"end":{"line":48,"column":3}},"loc":{"start":{"line":48,"column":62},"end":{"line":50,"column":3}},"line":48},"3":{"name":"(anonymous_3)","decl":{"start":{"line":52,"column":2},"end":{"line":52,"column":3}},"loc":{"start":{"line":52,"column":78},"end":{"line":54,"column":3}},"line":52},"4":{"name":"(anonymous_4)","decl":{"start":{"line":56,"column":2},"end":{"line":56,"column":3}},"loc":{"start":{"line":56,"column":79},"end":{"line":58,"column":3}},"line":56},"5":{"name":"(anonymous_5)","decl":{"start":{"line":60,"column":2},"end":{"line":60,"column":3}},"loc":{"start":{"line":60,"column":66},"end":{"line":62,"column":3}},"line":60},"6":{"name":"(anonymous_6)","decl":{"start":{"line":64,"column":2},"end":{"line":64,"column":3}},"loc":{"start":{"line":64,"column":67},"end":{"line":66,"column":3}},"line":64},"7":{"name":"(anonymous_7)","decl":{"start":{"line":68,"column":2},"end":{"line":68,"column":3}},"loc":{"start":{"line":68,"column":71},"end":{"line":70,"column":3}},"line":68}},"branchMap":{"0":{"loc":{"start":{"line":26,"column":49},"end":{"line":26,"column":69}},"type":"default-arg","locations":[{"start":{"line":26,"column":67},"end":{"line":26,"column":69}}],"line":26},"1":{"loc":{"start":{"line":27,"column":4},"end":{"line":31,"column":5}},"type":"if","locations":[{"start":{"line":27,"column":4},"end":{"line":31,"column":5}},{"start":{"line":29,"column":11},"end":{"line":31,"column":5}}],"line":27},"2":{"loc":{"start":{"line":34,"column":46},"end":{"line":34,"column":66}},"type":"default-arg","locations":[{"start":{"line":34,"column":64},"end":{"line":34,"column":66}}],"line":34},"3":{"loc":{"start":{"line":34,"column":68},"end":{"line":34,"column":85}},"type":"default-arg","locations":[{"start":{"line":34,"column":84},"end":{"line":34,"column":85}}],"line":34},"4":{"loc":{"start":{"line":34,"column":87},"end":{"line":34,"column":105}},"type":"default-arg","locations":[{"start":{"line":34,"column":104},"end":{"line":34,"column":105}}],"line":34},"5":{"loc":{"start":{"line":35,"column":4},"end":{"line":45,"column":5}},"type":"if","locations":[{"start":{"line":35,"column":4},"end":{"line":45,"column":5}},{"start":{"line":40,"column":11},"end":{"line":45,"column":5}}],"line":35},"6":{"loc":{"start":{"line":35,"column":8},"end":{"line":35,"column":33}},"type":"binary-expr","locations":[{"start":{"line":35,"column":8},"end":{"line":35,"column":18}},{"start":{"line":35,"column":22},"end":{"line":35,"column":33}}],"line":35},"7":{"loc":{"start":{"line":36,"column":6},"end":{"line":38,"column":7}},"type":"if","locations":[{"start":{"line":36,"column":6},"end":{"line":38,"column":7}},{"start":{},"end":{}}],"line":36},"8":{"loc":{"start":{"line":41,"column":6},"end":{"line":43,"column":7}},"type":"if","locations":[{"start":{"line":41,"column":6},"end":{"line":43,"column":7}},{"start":{},"end":{}}],"line":41}},"s":{"0":0,"1":0,"2":0,"3":0,"4":0,"5":0,"6":0,"7":0,"8":0,"9":0,"10":0,"11":0,"12":0,"13":0,"14":0,"15":0,"16":0},"f":{"0":0,"1":0,"2":0,"3":0,"4":0,"5":0,"6":0,"7":0},"b":{"0":[0],"1":[0,0],"2":[0],"3":[0],"4":[0],"5":[0,0],"6":[0,0],"7":[0,0],"8":[0,0]},"all":true},"/Users/javieralmenaraherrera/PROYECTO/final-project-e01/packages/backend/src/Class/OrganizationLogic.ts":{"path":"/Users/javieralmenaraherrera/PROYECTO/final-project-e01/packages/backend/src/Class/OrganizationLogic.ts","statementMap":{"0":{"start":{"line":31,"column":4},"end":{"line":31,"column":31}},"1":{"start":{"line":35,"column":17},"end":{"line":35,"column":69}},"2":{"start":{"line":36,"column":26},"end":{"line":36,"column":140}},"3":{"start":{"line":37,"column":4},"end":{"line":37,"column":54}},"4":{"start":{"line":41,"column":23},"end":{"line":41,"column":126}},"5":{"start":{"line":42,"column":4},"end":{"line":44,"column":5}},"6":{"start":{"line":43,"column":6},"end":{"line":43,"column":66}},"7":{"start":{"line":45,"column":4},"end":{"line":57,"column":5}},"8":{"start":{"line":46,"column":6},"end":{"line":56,"column":9}},"9":{"start":{"line":47,"column":8},"end":{"line":54,"column":9}},"10":{"start":{"line":48,"column":26},"end":{"line":48,"column":85}},"11":{"start":{"line":49,"column":46},"end":{"line":49,"column":53}},"12":{"start":{"line":50,"column":10},"end":{"line":53,"column":12}},"13":{"start":{"line":55,"column":8},"end":{"line":55,"column":22}},"14":{"start":{"line":58,"column":4},"end":{"line":58,"column":53}},"15":{"start":{"line":62,"column":18},"end":{"line":62,"column":45}},"16":{"start":{"line":63,"column":24},"end":{"line":63,"column":113}},"17":{"start":{"line":64,"column":4},"end":{"line":64,"column":54}},"18":{"start":{"line":68,"column":18},"end":{"line":68,"column":26}},"19":{"start":{"line":69,"column":23},"end":{"line":69,"column":72}},"20":{"start":{"line":70,"column":4},"end":{"line":70,"column":53}},"21":{"start":{"line":74,"column":4},"end":{"line":74,"column":77}},"22":{"start":{"line":78,"column":4},"end":{"line":78,"column":86}},"23":{"start":{"line":82,"column":4},"end":{"line":106,"column":5}},"24":{"start":{"line":83,"column":33},"end":{"line":86,"column":8}},"25":{"start":{"line":88,"column":27},"end":{"line":88,"column":83}},"26":{"start":{"line":89,"column":6},"end":{"line":91,"column":7}},"27":{"start":{"line":90,"column":8},"end":{"line":90,"column":66}},"28":{"start":{"line":93,"column":6},"end":{"line":101,"column":8}},"29":{"start":{"line":95,"column":10},"end":{"line":99,"column":11}},"30":{"start":{"line":96,"column":12},"end":{"line":96,"column":81}},"31":{"start":{"line":103,"column":6},"end":{"line":103,"column":61}},"32":{"start":{"line":105,"column":6},"end":{"line":105,"column":70}},"33":{"start":{"line":110,"column":4},"end":{"line":136,"column":5}},"34":{"start":{"line":111,"column":20},"end":{"line":111,"column":34}},"35":{"start":{"line":112,"column":27},"end":{"line":112,"column":80}},"36":{"start":{"line":113,"column":6},"end":{"line":115,"column":7}},"37":{"start":{"line":114,"column":8},"end":{"line":114,"column":70}},"38":{"start":{"line":116,"column":24},"end":{"line":116,"column":62}},"39":{"start":{"line":117,"column":6},"end":{"line":119,"column":7}},"40":{"start":{"line":118,"column":8},"end":{"line":118,"column":63}},"41":{"start":{"line":120,"column":22},"end":{"line":120,"column":48}},"42":{"start":{"line":121,"column":26},"end":{"line":124,"column":7}},"43":{"start":{"line":126,"column":6},"end":{"line":126,"column":32}},"44":{"start":{"line":127,"column":19},"end":{"line":127,"column":28}},"45":{"start":{"line":128,"column":35},"end":{"line":128,"column":92}},"46":{"start":{"line":129,"column":6},"end":{"line":131,"column":7}},"47":{"start":{"line":130,"column":8},"end":{"line":130,"column":77}},"48":{"start":{"line":132,"column":6},"end":{"line":132,"column":70}},"49":{"start":{"line":133,"column":6},"end":{"line":133,"column":63}},"50":{"start":{"line":135,"column":6},"end":{"line":135,"column":77}},"51":{"start":{"line":144,"column":4},"end":{"line":195,"column":5}},"52":{"start":{"line":145,"column":20},"end":{"line":145,"column":37}},"53":{"start":{"line":147,"column":35},"end":{"line":147,"column":88}},"54":{"start":{"line":148,"column":6},"end":{"line":150,"column":7}},"55":{"start":{"line":149,"column":8},"end":{"line":149,"column":74}},"56":{"start":{"line":152,"column":6},"end":{"line":154,"column":7}},"57":{"start":{"line":153,"column":8},"end":{"line":153,"column":44}},"58":{"start":{"line":155,"column":6},"end":{"line":157,"column":7}},"59":{"start":{"line":156,"column":8},"end":{"line":156,"column":47}},"60":{"start":{"line":159,"column":35},"end":{"line":159,"column":108}},"61":{"start":{"line":160,"column":6},"end":{"line":162,"column":7}},"62":{"start":{"line":161,"column":8},"end":{"line":161,"column":81}},"63":{"start":{"line":164,"column":6},"end":{"line":191,"column":7}},"64":{"start":{"line":165,"column":27},"end":{"line":165,"column":61}},"65":{"start":{"line":166,"column":27},"end":{"line":166,"column":34}},"66":{"start":{"line":167,"column":29},"end":{"line":169,"column":9}},"67":{"start":{"line":168,"column":30},"end":{"line":168,"column":101}},"68":{"start":{"line":168,"column":67},"end":{"line":168,"column":100}},"69":{"start":{"line":170,"column":32},"end":{"line":172,"column":9}},"70":{"start":{"line":171,"column":30},"end":{"line":171,"column":101}},"71":{"start":{"line":171,"column":67},"end":{"line":171,"column":100}},"72":{"start":{"line":173,"column":8},"end":{"line":181,"column":10}},"73":{"start":{"line":175,"column":12},"end":{"line":179,"column":13}},"74":{"start":{"line":176,"column":14},"end":{"line":176,"column":91}},"75":{"start":{"line":182,"column":8},"end":{"line":190,"column":10}},"76":{"start":{"line":184,"column":12},"end":{"line":188,"column":13}},"77":{"start":{"line":185,"column":14},"end":{"line":185,"column":96}},"78":{"start":{"line":192,"column":6},"end":{"line":192,"column":63}},"79":{"start":{"line":194,"column":6},"end":{"line":194,"column":66}},"80":{"start":{"line":199,"column":18},"end":{"line":199,"column":32}},"81":{"start":{"line":200,"column":25},"end":{"line":200,"column":78}},"82":{"start":{"line":201,"column":4},"end":{"line":203,"column":5}},"83":{"start":{"line":202,"column":6},"end":{"line":202,"column":66}},"84":{"start":{"line":204,"column":21},"end":{"line":204,"column":48}},"85":{"start":{"line":205,"column":4},"end":{"line":205,"column":29}},"86":{"start":{"line":206,"column":17},"end":{"line":208,"column":5}},"87":{"start":{"line":209,"column":32},"end":{"line":209,"column":89}},"88":{"start":{"line":210,"column":4},"end":{"line":212,"column":5}},"89":{"start":{"line":211,"column":6},"end":{"line":211,"column":70}},"90":{"start":{"line":213,"column":4},"end":{"line":213,"column":60}},"91":{"start":{"line":217,"column":4},"end":{"line":245,"column":5}},"92":{"start":{"line":218,"column":20},"end":{"line":218,"column":37}},"93":{"start":{"line":219,"column":29},"end":{"line":219,"column":82}},"94":{"start":{"line":220,"column":6},"end":{"line":222,"column":7}},"95":{"start":{"line":221,"column":8},"end":{"line":221,"column":74}},"96":{"start":{"line":224,"column":35},"end":{"line":224,"column":86}},"97":{"start":{"line":225,"column":6},"end":{"line":227,"column":7}},"98":{"start":{"line":226,"column":8},"end":{"line":226,"column":81}},"99":{"start":{"line":229,"column":6},"end":{"line":241,"column":7}},"100":{"start":{"line":230,"column":8},"end":{"line":238,"column":10}},"101":{"start":{"line":232,"column":12},"end":{"line":236,"column":13}},"102":{"start":{"line":233,"column":14},"end":{"line":233,"column":88}},"103":{"start":{"line":242,"column":6},"end":{"line":242,"column":63}},"104":{"start":{"line":244,"column":6},"end":{"line":244,"column":66}},"105":{"start":{"line":249,"column":4},"end":{"line":290,"column":5}},"106":{"start":{"line":250,"column":20},"end":{"line":250,"column":34}},"107":{"start":{"line":251,"column":27},"end":{"line":251,"column":80}},"108":{"start":{"line":252,"column":6},"end":{"line":254,"column":7}},"109":{"start":{"line":253,"column":8},"end":{"line":253,"column":70}},"110":{"start":{"line":255,"column":22},"end":{"line":255,"column":48}},"111":{"start":{"line":257,"column":26},"end":{"line":257,"column":115}},"112":{"start":{"line":257,"column":61},"end":{"line":257,"column":114}},"113":{"start":{"line":258,"column":6},"end":{"line":260,"column":7}},"114":{"start":{"line":259,"column":8},"end":{"line":259,"column":109}},"115":{"start":{"line":261,"column":21},"end":{"line":261,"column":41}},"116":{"start":{"line":262,"column":6},"end":{"line":262,"column":37}},"117":{"start":{"line":263,"column":19},"end":{"line":265,"column":7}},"118":{"start":{"line":266,"column":35},"end":{"line":266,"column":92}},"119":{"start":{"line":267,"column":6},"end":{"line":269,"column":7}},"120":{"start":{"line":268,"column":8},"end":{"line":268,"column":77}},"121":{"start":{"line":270,"column":6},"end":{"line":270,"column":80}},"122":{"start":{"line":272,"column":6},"end":{"line":286,"column":7}},"123":{"start":{"line":273,"column":8},"end":{"line":285,"column":10}},"124":{"start":{"line":275,"column":28},"end":{"line":275,"column":75}},"125":{"start":{"line":276,"column":12},"end":{"line":279,"column":13}},"126":{"start":{"line":278,"column":14},"end":{"line":278,"column":21}},"127":{"start":{"line":280,"column":36},"end":{"line":280,"column":104}},"128":{"start":{"line":281,"column":12},"end":{"line":283,"column":13}},"129":{"start":{"line":287,"column":6},"end":{"line":287,"column":63}},"130":{"start":{"line":289,"column":6},"end":{"line":289,"column":66}},"131":{"start":{"line":294,"column":4},"end":{"line":294,"column":72}},"132":{"start":{"line":298,"column":22},"end":{"line":298,"column":24}},"133":{"start":{"line":299,"column":4},"end":{"line":299,"column":35}},"134":{"start":{"line":299,"column":14},"end":{"line":299,"column":35}},"135":{"start":{"line":300,"column":4},"end":{"line":300,"column":17}}},"fnMap":{"0":{"name":"(anonymous_0)","decl":{"start":{"line":30,"column":2},"end":{"line":30,"column":3}},"loc":{"start":{"line":30,"column":42},"end":{"line":32,"column":3}},"line":30},"1":{"name":"(anonymous_1)","decl":{"start":{"line":34,"column":2},"end":{"line":34,"column":3}},"loc":{"start":{"line":34,"column":79},"end":{"line":38,"column":3}},"line":34},"2":{"name":"(anonymous_2)","decl":{"start":{"line":40,"column":2},"end":{"line":40,"column":3}},"loc":{"start":{"line":40,"column":72},"end":{"line":59,"column":3}},"line":40},"3":{"name":"(anonymous_3)","decl":{"start":{"line":46,"column":54},"end":{"line":46,"column":55}},"loc":{"start":{"line":46,"column":71},"end":{"line":56,"column":7}},"line":46},"4":{"name":"(anonymous_4)","decl":{"start":{"line":61,"column":2},"end":{"line":61,"column":3}},"loc":{"start":{"line":61,"column":78},"end":{"line":65,"column":3}},"line":61},"5":{"name":"(anonymous_5)","decl":{"start":{"line":67,"column":2},"end":{"line":67,"column":3}},"loc":{"start":{"line":67,"column":77},"end":{"line":71,"column":3}},"line":67},"6":{"name":"(anonymous_6)","decl":{"start":{"line":73,"column":2},"end":{"line":73,"column":3}},"loc":{"start":{"line":73,"column":70},"end":{"line":75,"column":3}},"line":73},"7":{"name":"(anonymous_7)","decl":{"start":{"line":77,"column":2},"end":{"line":77,"column":3}},"loc":{"start":{"line":77,"column":75},"end":{"line":79,"column":3}},"line":77},"8":{"name":"(anonymous_8)","decl":{"start":{"line":81,"column":2},"end":{"line":81,"column":3}},"loc":{"start":{"line":81,"column":83},"end":{"line":107,"column":3}},"line":81},"9":{"name":"(anonymous_9)","decl":{"start":{"line":94,"column":20},"end":{"line":94,"column":21}},"loc":{"start":{"line":94,"column":43},"end":{"line":100,"column":9}},"line":94},"10":{"name":"(anonymous_10)","decl":{"start":{"line":109,"column":2},"end":{"line":109,"column":3}},"loc":{"start":{"line":109,"column":88},"end":{"line":137,"column":3}},"line":109},"11":{"name":"(anonymous_11)","decl":{"start":{"line":139,"column":2},"end":{"line":139,"column":3}},"loc":{"start":{"line":143,"column":32},"end":{"line":196,"column":3}},"line":143},"12":{"name":"(anonymous_12)","decl":{"start":{"line":168,"column":10},"end":{"line":168,"column":11}},"loc":{"start":{"line":168,"column":30},"end":{"line":168,"column":101}},"line":168},"13":{"name":"(anonymous_13)","decl":{"start":{"line":168,"column":47},"end":{"line":168,"column":48}},"loc":{"start":{"line":168,"column":67},"end":{"line":168,"column":100}},"line":168},"14":{"name":"(anonymous_14)","decl":{"start":{"line":171,"column":10},"end":{"line":171,"column":11}},"loc":{"start":{"line":171,"column":30},"end":{"line":171,"column":101}},"line":171},"15":{"name":"(anonymous_15)","decl":{"start":{"line":171,"column":47},"end":{"line":171,"column":48}},"loc":{"start":{"line":171,"column":67},"end":{"line":171,"column":100}},"line":171},"16":{"name":"(anonymous_16)","decl":{"start":{"line":174,"column":27},"end":{"line":174,"column":28}},"loc":{"start":{"line":174,"column":50},"end":{"line":180,"column":11}},"line":174},"17":{"name":"(anonymous_17)","decl":{"start":{"line":183,"column":30},"end":{"line":183,"column":31}},"loc":{"start":{"line":183,"column":53},"end":{"line":189,"column":11}},"line":183},"18":{"name":"(anonymous_18)","decl":{"start":{"line":198,"column":2},"end":{"line":198,"column":3}},"loc":{"start":{"line":198,"column":88},"end":{"line":214,"column":3}},"line":198},"19":{"name":"(anonymous_19)","decl":{"start":{"line":216,"column":2},"end":{"line":216,"column":3}},"loc":{"start":{"line":216,"column":72},"end":{"line":246,"column":3}},"line":216},"20":{"name":"(anonymous_20)","decl":{"start":{"line":231,"column":35},"end":{"line":231,"column":36}},"loc":{"start":{"line":231,"column":58},"end":{"line":237,"column":11}},"line":231},"21":{"name":"(anonymous_21)","decl":{"start":{"line":248,"column":2},"end":{"line":248,"column":3}},"loc":{"start":{"line":248,"column":82},"end":{"line":291,"column":3}},"line":248},"22":{"name":"(anonymous_22)","decl":{"start":{"line":257,"column":44},"end":{"line":257,"column":45}},"loc":{"start":{"line":257,"column":61},"end":{"line":257,"column":114}},"line":257},"23":{"name":"(anonymous_23)","decl":{"start":{"line":274,"column":36},"end":{"line":274,"column":37}},"loc":{"start":{"line":274,"column":65},"end":{"line":284,"column":11}},"line":274},"24":{"name":"(anonymous_24)","decl":{"start":{"line":293,"column":2},"end":{"line":293,"column":3}},"loc":{"start":{"line":293,"column":66},"end":{"line":295,"column":3}},"line":293},"25":{"name":"(anonymous_25)","decl":{"start":{"line":297,"column":2},"end":{"line":297,"column":3}},"loc":{"start":{"line":297,"column":54},"end":{"line":301,"column":3}},"line":297}},"branchMap":{"0":{"loc":{"start":{"line":42,"column":4},"end":{"line":44,"column":5}},"type":"if","locations":[{"start":{"line":42,"column":4},"end":{"line":44,"column":5}},{"start":{},"end":{}}],"line":42},"1":{"loc":{"start":{"line":45,"column":4},"end":{"line":57,"column":5}},"type":"if","locations":[{"start":{"line":45,"column":4},"end":{"line":57,"column":5}},{"start":{},"end":{}}],"line":45},"2":{"loc":{"start":{"line":45,"column":8},"end":{"line":45,"column":67}},"type":"binary-expr","locations":[{"start":{"line":45,"column":8},"end":{"line":45,"column":28}},{"start":{"line":45,"column":32},"end":{"line":45,"column":67}}],"line":45},"3":{"loc":{"start":{"line":47,"column":8},"end":{"line":54,"column":9}},"type":"if","locations":[{"start":{"line":47,"column":8},"end":{"line":54,"column":9}},{"start":{},"end":{}}],"line":47},"4":{"loc":{"start":{"line":47,"column":12},"end":{"line":47,"column":58}},"type":"binary-expr","locations":[{"start":{"line":47,"column":12},"end":{"line":47,"column":23}},{"start":{"line":47,"column":27},"end":{"line":47,"column":58}}],"line":47},"5":{"loc":{"start":{"line":48,"column":26},"end":{"line":48,"column":85}},"type":"cond-expr","locations":[{"start":{"line":48,"column":49},"end":{"line":48,"column":71}},{"start":{"line":48,"column":74},"end":{"line":48,"column":85}}],"line":48},"6":{"loc":{"start":{"line":89,"column":6},"end":{"line":91,"column":7}},"type":"if","locations":[{"start":{"line":89,"column":6},"end":{"line":91,"column":7}},{"start":{},"end":{}}],"line":89},"7":{"loc":{"start":{"line":95,"column":10},"end":{"line":99,"column":11}},"type":"if","locations":[{"start":{"line":95,"column":10},"end":{"line":99,"column":11}},{"start":{"line":97,"column":17},"end":{"line":99,"column":11}}],"line":95},"8":{"loc":{"start":{"line":113,"column":6},"end":{"line":115,"column":7}},"type":"if","locations":[{"start":{"line":113,"column":6},"end":{"line":115,"column":7}},{"start":{},"end":{}}],"line":113},"9":{"loc":{"start":{"line":117,"column":6},"end":{"line":119,"column":7}},"type":"if","locations":[{"start":{"line":117,"column":6},"end":{"line":119,"column":7}},{"start":{},"end":{}}],"line":117},"10":{"loc":{"start":{"line":120,"column":22},"end":{"line":120,"column":48}},"type":"binary-expr","locations":[{"start":{"line":120,"column":22},"end":{"line":120,"column":42}},{"start":{"line":120,"column":46},"end":{"line":120,"column":48}}],"line":120},"11":{"loc":{"start":{"line":129,"column":6},"end":{"line":131,"column":7}},"type":"if","locations":[{"start":{"line":129,"column":6},"end":{"line":131,"column":7}},{"start":{},"end":{}}],"line":129},"12":{"loc":{"start":{"line":148,"column":6},"end":{"line":150,"column":7}},"type":"if","locations":[{"start":{"line":148,"column":6},"end":{"line":150,"column":7}},{"start":{},"end":{}}],"line":148},"13":{"loc":{"start":{"line":152,"column":6},"end":{"line":154,"column":7}},"type":"if","locations":[{"start":{"line":152,"column":6},"end":{"line":154,"column":7}},{"start":{},"end":{}}],"line":152},"14":{"loc":{"start":{"line":152,"column":10},"end":{"line":152,"column":39}},"type":"binary-expr","locations":[{"start":{"line":152,"column":10},"end":{"line":152,"column":17}},{"start":{"line":152,"column":21},"end":{"line":152,"column":39}}],"line":152},"15":{"loc":{"start":{"line":155,"column":6},"end":{"line":157,"column":7}},"type":"if","locations":[{"start":{"line":155,"column":6},"end":{"line":157,"column":7}},{"start":{},"end":{}}],"line":155},"16":{"loc":{"start":{"line":160,"column":6},"end":{"line":162,"column":7}},"type":"if","locations":[{"start":{"line":160,"column":6},"end":{"line":162,"column":7}},{"start":{},"end":{}}],"line":160},"17":{"loc":{"start":{"line":164,"column":6},"end":{"line":191,"column":7}},"type":"if","locations":[{"start":{"line":164,"column":6},"end":{"line":191,"column":7}},{"start":{},"end":{}}],"line":164},"18":{"loc":{"start":{"line":165,"column":27},"end":{"line":165,"column":61}},"type":"binary-expr","locations":[{"start":{"line":165,"column":27},"end":{"line":165,"column":55}},{"start":{"line":165,"column":59},"end":{"line":165,"column":61}}],"line":165},"19":{"loc":{"start":{"line":175,"column":12},"end":{"line":179,"column":13}},"type":"if","locations":[{"start":{"line":175,"column":12},"end":{"line":179,"column":13}},{"start":{"line":177,"column":19},"end":{"line":179,"column":13}}],"line":175},"20":{"loc":{"start":{"line":184,"column":12},"end":{"line":188,"column":13}},"type":"if","locations":[{"start":{"line":184,"column":12},"end":{"line":188,"column":13}},{"start":{"line":186,"column":19},"end":{"line":188,"column":13}}],"line":184},"21":{"loc":{"start":{"line":201,"column":4},"end":{"line":203,"column":5}},"type":"if","locations":[{"start":{"line":201,"column":4},"end":{"line":203,"column":5}},{"start":{},"end":{}}],"line":201},"22":{"loc":{"start":{"line":204,"column":21},"end":{"line":204,"column":48}},"type":"binary-expr","locations":[{"start":{"line":204,"column":21},"end":{"line":204,"column":42}},{"start":{"line":204,"column":46},"end":{"line":204,"column":48}}],"line":204},"23":{"loc":{"start":{"line":210,"column":4},"end":{"line":212,"column":5}},"type":"if","locations":[{"start":{"line":210,"column":4},"end":{"line":212,"column":5}},{"start":{},"end":{}}],"line":210},"24":{"loc":{"start":{"line":220,"column":6},"end":{"line":222,"column":7}},"type":"if","locations":[{"start":{"line":220,"column":6},"end":{"line":222,"column":7}},{"start":{},"end":{}}],"line":220},"25":{"loc":{"start":{"line":225,"column":6},"end":{"line":227,"column":7}},"type":"if","locations":[{"start":{"line":225,"column":6},"end":{"line":227,"column":7}},{"start":{},"end":{}}],"line":225},"26":{"loc":{"start":{"line":229,"column":6},"end":{"line":241,"column":7}},"type":"if","locations":[{"start":{"line":229,"column":6},"end":{"line":241,"column":7}},{"start":{"line":239,"column":13},"end":{"line":241,"column":7}}],"line":229},"27":{"loc":{"start":{"line":229,"column":10},"end":{"line":229,"column":69}},"type":"binary-expr","locations":[{"start":{"line":229,"column":10},"end":{"line":229,"column":30}},{"start":{"line":229,"column":34},"end":{"line":229,"column":69}}],"line":229},"28":{"loc":{"start":{"line":232,"column":12},"end":{"line":236,"column":13}},"type":"if","locations":[{"start":{"line":232,"column":12},"end":{"line":236,"column":13}},{"start":{"line":234,"column":19},"end":{"line":236,"column":13}}],"line":232},"29":{"loc":{"start":{"line":252,"column":6},"end":{"line":254,"column":7}},"type":"if","locations":[{"start":{"line":252,"column":6},"end":{"line":254,"column":7}},{"start":{},"end":{}}],"line":252},"30":{"loc":{"start":{"line":255,"column":22},"end":{"line":255,"column":48}},"type":"binary-expr","locations":[{"start":{"line":255,"column":22},"end":{"line":255,"column":42}},{"start":{"line":255,"column":46},"end":{"line":255,"column":48}}],"line":255},"31":{"loc":{"start":{"line":258,"column":6},"end":{"line":260,"column":7}},"type":"if","locations":[{"start":{"line":258,"column":6},"end":{"line":260,"column":7}},{"start":{},"end":{}}],"line":258},"32":{"loc":{"start":{"line":267,"column":6},"end":{"line":269,"column":7}},"type":"if","locations":[{"start":{"line":267,"column":6},"end":{"line":269,"column":7}},{"start":{},"end":{}}],"line":267},"33":{"loc":{"start":{"line":272,"column":6},"end":{"line":286,"column":7}},"type":"if","locations":[{"start":{"line":272,"column":6},"end":{"line":286,"column":7}},{"start":{},"end":{}}],"line":272},"34":{"loc":{"start":{"line":272,"column":10},"end":{"line":272,"column":71}},"type":"binary-expr","locations":[{"start":{"line":272,"column":10},"end":{"line":272,"column":31}},{"start":{"line":272,"column":35},"end":{"line":272,"column":71}}],"line":272},"35":{"loc":{"start":{"line":276,"column":12},"end":{"line":279,"column":13}},"type":"if","locations":[{"start":{"line":276,"column":12},"end":{"line":279,"column":13}},{"start":{},"end":{}}],"line":276},"36":{"loc":{"start":{"line":281,"column":12},"end":{"line":283,"column":13}},"type":"if","locations":[{"start":{"line":281,"column":12},"end":{"line":283,"column":13}},{"start":{},"end":{}}],"line":281},"37":{"loc":{"start":{"line":299,"column":4},"end":{"line":299,"column":35}},"type":"if","locations":[{"start":{"line":299,"column":4},"end":{"line":299,"column":35}},{"start":{},"end":{}}],"line":299}},"s":{"0":0,"1":0,"2":0,"3":0,"4":0,"5":0,"6":0,"7":0,"8":0,"9":0,"10":0,"11":0,"12":0,"13":0,"14":0,"15":0,"16":0,"17":0,"18":0,"19":0,"20":0,"21":0,"22":0,"23":0,"24":0,"25":0,"26":0,"27":0,"28":0,"29":0,"30":0,"31":0,"32":0,"33":0,"34":0,"35":0,"36":0,"37":0,"38":0,"39":0,"40":0,"41":0,"42":0,"43":0,"44":0,"45":0,"46":0,"47":0,"48":0,"49":0,"50":0,"51":0,"52":0,"53":0,"54":0,"55":0,"56":0,"57":0,"58":0,"59":0,"60":0,"61":0,"62":0,"63":0,"64":0,"65":0,"66":0,"67":0,"68":0,"69":0,"70":0,"71":0,"72":0,"73":0,"74":0,"75":0,"76":0,"77":0,"78":0,"79":0,"80":0,"81":0,"82":0,"83":0,"84":0,"85":0,"86":0,"87":0,"88":0,"89":0,"90":0,"91":0,"92":0,"93":0,"94":0,"95":0,"96":0,"97":0,"98":0,"99":0,"100":0,"101":0,"102":0,"103":0,"104":0,"105":0,"106":0,"107":0,"108":0,"109":0,"110":0,"111":0,"112":0,"113":0,"114":0,"115":0,"116":0,"117":0,"118":0,"119":0,"120":0,"121":0,"122":0,"123":0,"124":0,"125":0,"126":0,"127":0,"128":0,"129":0,"130":0,"131":0,"132":0,"133":0,"134":0,"135":0},"f":{"0":0,"1":0,"2":0,"3":0,"4":0,"5":0,"6":0,"7":0,"8":0,"9":0,"10":0,"11":0,"12":0,"13":0,"14":0,"15":0,"16":0,"17":0,"18":0,"19":0,"20":0,"21":0,"22":0,"23":0,"24":0,"25":0},"b":{"0":[0,0],"1":[0,0],"2":[0,0],"3":[0,0],"4":[0,0],"5":[0,0],"6":[0,0],"7":[0,0],"8":[0,0],"9":[0,0],"10":[0,0],"11":[0,0],"12":[0,0],"13":[0,0],"14":[0,0],"15":[0,0],"16":[0,0],"17":[0,0],"18":[0,0],"19":[0,0],"20":[0,0],"21":[0,0],"22":[0,0],"23":[0,0],"24":[0,0],"25":[0,0],"26":[0,0],"27":[0,0],"28":[0,0],"29":[0,0],"30":[0,0],"31":[0,0],"32":[0,0],"33":[0,0],"34":[0,0],"35":[0,0],"36":[0,0],"37":[0,0]},"all":true},"/Users/javieralmenaraherrera/PROYECTO/final-project-e01/packages/backend/src/Class/ProjectLogic.ts":{"path":"/Users/javieralmenaraherrera/PROYECTO/final-project-e01/packages/backend/src/Class/ProjectLogic.ts","statementMap":{"0":{"start":{"line":31,"column":4},"end":{"line":31,"column":31}},"1":{"start":{"line":35,"column":4},"end":{"line":40,"column":5}},"2":{"start":{"line":36,"column":23},"end":{"line":36,"column":93}},"3":{"start":{"line":37,"column":6},"end":{"line":37,"column":51}},"4":{"start":{"line":39,"column":6},"end":{"line":39,"column":47}},"5":{"start":{"line":44,"column":4},"end":{"line":49,"column":5}},"6":{"start":{"line":45,"column":23},"end":{"line":45,"column":128}},"7":{"start":{"line":46,"column":6},"end":{"line":46,"column":51}},"8":{"start":{"line":48,"column":6},"end":{"line":48,"column":47}},"9":{"start":{"line":53,"column":4},"end":{"line":66,"column":5}},"10":{"start":{"line":54,"column":20},"end":{"line":54,"column":61}},"11":{"start":{"line":55,"column":20},"end":{"line":55,"column":25}},"12":{"start":{"line":56,"column":19},"end":{"line":56,"column":37}},"13":{"start":{"line":57,"column":23},"end":{"line":57,"column":95}},"14":{"start":{"line":58,"column":20},"end":{"line":58,"column":71}},"15":{"start":{"line":59,"column":25},"end":{"line":59,"column":49}},"16":{"start":{"line":60,"column":6},"end":{"line":62,"column":7}},"17":{"start":{"line":61,"column":8},"end":{"line":61,"column":63}},"18":{"start":{"line":63,"column":6},"end":{"line":63,"column":67}},"19":{"start":{"line":65,"column":6},"end":{"line":65,"column":47}},"20":{"start":{"line":70,"column":4},"end":{"line":99,"column":5}},"21":{"start":{"line":71,"column":22},"end":{"line":79,"column":8}},"22":{"start":{"line":80,"column":6},"end":{"line":82,"column":7}},"23":{"start":{"line":81,"column":8},"end":{"line":81,"column":64}},"24":{"start":{"line":83,"column":6},"end":{"line":95,"column":7}},"25":{"start":{"line":84,"column":8},"end":{"line":94,"column":11}},"26":{"start":{"line":85,"column":10},"end":{"line":92,"column":11}},"27":{"start":{"line":86,"column":28},"end":{"line":86,"column":81}},"28":{"start":{"line":87,"column":48},"end":{"line":87,"column":55}},"29":{"start":{"line":88,"column":12},"end":{"line":91,"column":14}},"30":{"start":{"line":93,"column":10},"end":{"line":93,"column":22}},"31":{"start":{"line":96,"column":6},"end":{"line":96,"column":50}},"32":{"start":{"line":98,"column":6},"end":{"line":98,"column":47}},"33":{"start":{"line":103,"column":26},"end":{"line":110,"column":6}},"34":{"start":{"line":111,"column":4},"end":{"line":113,"column":5}},"35":{"start":{"line":112,"column":6},"end":{"line":112,"column":63}},"36":{"start":{"line":116,"column":28},"end":{"line":116,"column":109}},"37":{"start":{"line":117,"column":4},"end":{"line":119,"column":5}},"38":{"start":{"line":118,"column":6},"end":{"line":118,"column":63}},"39":{"start":{"line":121,"column":4},"end":{"line":121,"column":54}},"40":{"start":{"line":125,"column":4},"end":{"line":125,"column":90}},"41":{"start":{"line":129,"column":18},"end":{"line":129,"column":68}},"42":{"start":{"line":130,"column":20},"end":{"line":130,"column":79}},"43":{"start":{"line":131,"column":18},"end":{"line":131,"column":34}},"44":{"start":{"line":132,"column":4},"end":{"line":136,"column":5}},"45":{"start":{"line":132,"column":17},"end":{"line":132,"column":18}},"46":{"start":{"line":133,"column":6},"end":{"line":135,"column":7}},"47":{"start":{"line":134,"column":8},"end":{"line":134,"column":20}},"48":{"start":{"line":137,"column":4},"end":{"line":137,"column":17}},"49":{"start":{"line":141,"column":18},"end":{"line":141,"column":36}},"50":{"start":{"line":142,"column":20},"end":{"line":142,"column":68}},"51":{"start":{"line":143,"column":4},"end":{"line":145,"column":5}},"52":{"start":{"line":144,"column":6},"end":{"line":144,"column":61}},"53":{"start":{"line":146,"column":25},"end":{"line":146,"column":38}},"54":{"start":{"line":147,"column":4},"end":{"line":147,"column":28}},"55":{"start":{"line":148,"column":17},"end":{"line":150,"column":5}},"56":{"start":{"line":151,"column":27},"end":{"line":151,"column":79}},"57":{"start":{"line":152,"column":4},"end":{"line":154,"column":5}},"58":{"start":{"line":153,"column":6},"end":{"line":153,"column":65}},"59":{"start":{"line":155,"column":4},"end":{"line":155,"column":55}},"60":{"start":{"line":159,"column":18},"end":{"line":159,"column":36}},"61":{"start":{"line":160,"column":20},"end":{"line":160,"column":68}},"62":{"start":{"line":161,"column":4},"end":{"line":163,"column":5}},"63":{"start":{"line":162,"column":6},"end":{"line":162,"column":61}},"64":{"start":{"line":164,"column":20},"end":{"line":164,"column":35}},"65":{"start":{"line":165,"column":4},"end":{"line":165,"column":25}},"66":{"start":{"line":166,"column":17},"end":{"line":168,"column":5}},"67":{"start":{"line":169,"column":27},"end":{"line":169,"column":79}},"68":{"start":{"line":170,"column":4},"end":{"line":172,"column":5}},"69":{"start":{"line":171,"column":6},"end":{"line":171,"column":65}},"70":{"start":{"line":173,"column":4},"end":{"line":173,"column":55}},"71":{"start":{"line":177,"column":18},"end":{"line":177,"column":65}},"72":{"start":{"line":178,"column":20},"end":{"line":178,"column":66}},"73":{"start":{"line":179,"column":4},"end":{"line":179,"column":48}},"74":{"start":{"line":183,"column":18},"end":{"line":183,"column":36}},"75":{"start":{"line":185,"column":20},"end":{"line":185,"column":68}},"76":{"start":{"line":186,"column":4},"end":{"line":188,"column":5}},"77":{"start":{"line":187,"column":6},"end":{"line":187,"column":61}},"78":{"start":{"line":189,"column":25},"end":{"line":189,"column":38}},"79":{"start":{"line":190,"column":21},"end":{"line":190,"column":76}},"80":{"start":{"line":190,"column":56},"end":{"line":190,"column":75}},"81":{"start":{"line":191,"column":17},"end":{"line":193,"column":5}},"82":{"start":{"line":194,"column":27},"end":{"line":194,"column":79}},"83":{"start":{"line":195,"column":4},"end":{"line":197,"column":5}},"84":{"start":{"line":196,"column":6},"end":{"line":196,"column":65}},"85":{"start":{"line":199,"column":20},"end":{"line":199,"column":35}},"86":{"start":{"line":200,"column":4},"end":{"line":208,"column":5}},"87":{"start":{"line":200,"column":17},"end":{"line":200,"column":18}},"88":{"start":{"line":201,"column":20},"end":{"line":201,"column":36}},"89":{"start":{"line":202,"column":6},"end":{"line":207,"column":7}},"90":{"start":{"line":202,"column":19},"end":{"line":202,"column":20}},"91":{"start":{"line":203,"column":21},"end":{"line":203,"column":73}},"92":{"start":{"line":204,"column":8},"end":{"line":206,"column":9}},"93":{"start":{"line":205,"column":10},"end":{"line":205,"column":66}},"94":{"start":{"line":209,"column":4},"end":{"line":209,"column":55}},"95":{"start":{"line":213,"column":18},"end":{"line":213,"column":36}},"96":{"start":{"line":214,"column":20},"end":{"line":214,"column":68}},"97":{"start":{"line":215,"column":4},"end":{"line":217,"column":5}},"98":{"start":{"line":216,"column":6},"end":{"line":216,"column":61}},"99":{"start":{"line":218,"column":20},"end":{"line":218,"column":35}},"100":{"start":{"line":219,"column":23},"end":{"line":219,"column":78}},"101":{"start":{"line":219,"column":55},"end":{"line":219,"column":77}},"102":{"start":{"line":220,"column":17},"end":{"line":222,"column":5}},"103":{"start":{"line":223,"column":27},"end":{"line":223,"column":79}},"104":{"start":{"line":224,"column":4},"end":{"line":226,"column":5}},"105":{"start":{"line":225,"column":6},"end":{"line":225,"column":65}},"106":{"start":{"line":227,"column":4},"end":{"line":227,"column":55}},"107":{"start":{"line":231,"column":18},"end":{"line":231,"column":56}},"108":{"start":{"line":232,"column":17},"end":{"line":238,"column":5}},"109":{"start":{"line":239,"column":20},"end":{"line":239,"column":72}},"110":{"start":{"line":240,"column":4},"end":{"line":240,"column":48}},"111":{"start":{"line":244,"column":18},"end":{"line":244,"column":58}},"112":{"start":{"line":245,"column":20},"end":{"line":245,"column":68}},"113":{"start":{"line":246,"column":4},"end":{"line":248,"column":5}},"114":{"start":{"line":247,"column":6},"end":{"line":247,"column":61}},"115":{"start":{"line":249,"column":18},"end":{"line":249,"column":31}},"116":{"start":{"line":250,"column":22},"end":{"line":250,"column":73}},"117":{"start":{"line":250,"column":53},"end":{"line":250,"column":72}},"118":{"start":{"line":251,"column":4},"end":{"line":251,"column":33}},"119":{"start":{"line":252,"column":17},"end":{"line":254,"column":5}},"120":{"start":{"line":255,"column":27},"end":{"line":255,"column":79}},"121":{"start":{"line":256,"column":4},"end":{"line":258,"column":5}},"122":{"start":{"line":257,"column":6},"end":{"line":257,"column":65}},"123":{"start":{"line":259,"column":4},"end":{"line":259,"column":55}},"124":{"start":{"line":263,"column":18},"end":{"line":263,"column":61}},"125":{"start":{"line":264,"column":20},"end":{"line":264,"column":68}},"126":{"start":{"line":265,"column":4},"end":{"line":267,"column":5}},"127":{"start":{"line":266,"column":6},"end":{"line":266,"column":61}},"128":{"start":{"line":268,"column":20},"end":{"line":268,"column":35}},"129":{"start":{"line":269,"column":24},"end":{"line":269,"column":82}},"130":{"start":{"line":269,"column":59},"end":{"line":269,"column":81}},"131":{"start":{"line":270,"column":4},"end":{"line":270,"column":34}},"132":{"start":{"line":271,"column":17},"end":{"line":273,"column":5}},"133":{"start":{"line":274,"column":27},"end":{"line":274,"column":79}},"134":{"start":{"line":275,"column":4},"end":{"line":277,"column":5}},"135":{"start":{"line":276,"column":6},"end":{"line":276,"column":65}},"136":{"start":{"line":278,"column":4},"end":{"line":278,"column":50}},"137":{"start":{"line":279,"column":4},"end":{"line":279,"column":55}},"138":{"start":{"line":283,"column":21},"end":{"line":283,"column":23}},"139":{"start":{"line":284,"column":4},"end":{"line":286,"column":5}},"140":{"start":{"line":285,"column":6},"end":{"line":285,"column":33}},"141":{"start":{"line":287,"column":4},"end":{"line":289,"column":5}},"142":{"start":{"line":288,"column":6},"end":{"line":288,"column":59}},"143":{"start":{"line":290,"column":4},"end":{"line":290,"column":17}}},"fnMap":{"0":{"name":"(anonymous_0)","decl":{"start":{"line":30,"column":2},"end":{"line":30,"column":3}},"loc":{"start":{"line":30,"column":42},"end":{"line":32,"column":3}},"line":30},"1":{"name":"(anonymous_1)","decl":{"start":{"line":34,"column":2},"end":{"line":34,"column":3}},"loc":{"start":{"line":34,"column":74},"end":{"line":41,"column":3}},"line":34},"2":{"name":"(anonymous_2)","decl":{"start":{"line":43,"column":2},"end":{"line":43,"column":3}},"loc":{"start":{"line":43,"column":73},"end":{"line":50,"column":3}},"line":43},"3":{"name":"(anonymous_3)","decl":{"start":{"line":52,"column":2},"end":{"line":52,"column":3}},"loc":{"start":{"line":52,"column":105},"end":{"line":67,"column":3}},"line":52},"4":{"name":"(anonymous_4)","decl":{"start":{"line":69,"column":2},"end":{"line":69,"column":3}},"loc":{"start":{"line":69,"column":66},"end":{"line":100,"column":3}},"line":69},"5":{"name":"(anonymous_5)","decl":{"start":{"line":84,"column":42},"end":{"line":84,"column":43}},"loc":{"start":{"line":84,"column":57},"end":{"line":94,"column":9}},"line":84},"6":{"name":"(anonymous_6)","decl":{"start":{"line":102,"column":2},"end":{"line":102,"column":3}},"loc":{"start":{"line":102,"column":163},"end":{"line":122,"column":3}},"line":102},"7":{"name":"(anonymous_7)","decl":{"start":{"line":124,"column":2},"end":{"line":124,"column":3}},"loc":{"start":{"line":124,"column":79},"end":{"line":126,"column":3}},"line":124},"8":{"name":"(anonymous_8)","decl":{"start":{"line":128,"column":2},"end":{"line":128,"column":3}},"loc":{"start":{"line":128,"column":117},"end":{"line":138,"column":3}},"line":128},"9":{"name":"(anonymous_9)","decl":{"start":{"line":140,"column":2},"end":{"line":140,"column":3}},"loc":{"start":{"line":140,"column":90},"end":{"line":156,"column":3}},"line":140},"10":{"name":"(anonymous_10)","decl":{"start":{"line":158,"column":2},"end":{"line":158,"column":3}},"loc":{"start":{"line":158,"column":94},"end":{"line":174,"column":3}},"line":158},"11":{"name":"(anonymous_11)","decl":{"start":{"line":176,"column":2},"end":{"line":176,"column":3}},"loc":{"start":{"line":176,"column":99},"end":{"line":180,"column":3}},"line":176},"12":{"name":"(anonymous_12)","decl":{"start":{"line":182,"column":2},"end":{"line":182,"column":3}},"loc":{"start":{"line":182,"column":100},"end":{"line":210,"column":3}},"line":182},"13":{"name":"(anonymous_13)","decl":{"start":{"line":190,"column":41},"end":{"line":190,"column":42}},"loc":{"start":{"line":190,"column":56},"end":{"line":190,"column":75}},"line":190},"14":{"name":"(anonymous_14)","decl":{"start":{"line":212,"column":2},"end":{"line":212,"column":3}},"loc":{"start":{"line":212,"column":104},"end":{"line":228,"column":3}},"line":212},"15":{"name":"(anonymous_15)","decl":{"start":{"line":219,"column":38},"end":{"line":219,"column":39}},"loc":{"start":{"line":219,"column":55},"end":{"line":219,"column":77}},"line":219},"16":{"name":"(anonymous_16)","decl":{"start":{"line":230,"column":2},"end":{"line":230,"column":3}},"loc":{"start":{"line":230,"column":166},"end":{"line":241,"column":3}},"line":230},"17":{"name":"(anonymous_17)","decl":{"start":{"line":243,"column":2},"end":{"line":243,"column":3}},"loc":{"start":{"line":243,"column":118},"end":{"line":260,"column":3}},"line":243},"18":{"name":"(anonymous_18)","decl":{"start":{"line":250,"column":38},"end":{"line":250,"column":39}},"loc":{"start":{"line":250,"column":53},"end":{"line":250,"column":72}},"line":250},"19":{"name":"(anonymous_19)","decl":{"start":{"line":262,"column":2},"end":{"line":262,"column":3}},"loc":{"start":{"line":262,"column":115},"end":{"line":280,"column":3}},"line":262},"20":{"name":"(anonymous_20)","decl":{"start":{"line":269,"column":42},"end":{"line":269,"column":43}},"loc":{"start":{"line":269,"column":59},"end":{"line":269,"column":81}},"line":269},"21":{"name":"(anonymous_21)","decl":{"start":{"line":282,"column":2},"end":{"line":282,"column":3}},"loc":{"start":{"line":282,"column":68},"end":{"line":291,"column":3}},"line":282}},"branchMap":{"0":{"loc":{"start":{"line":52,"column":59},"end":{"line":52,"column":75}},"type":"default-arg","locations":[{"start":{"line":52,"column":74},"end":{"line":52,"column":75}}],"line":52},"1":{"loc":{"start":{"line":60,"column":6},"end":{"line":62,"column":7}},"type":"if","locations":[{"start":{"line":60,"column":6},"end":{"line":62,"column":7}},{"start":{},"end":{}}],"line":60},"2":{"loc":{"start":{"line":80,"column":6},"end":{"line":82,"column":7}},"type":"if","locations":[{"start":{"line":80,"column":6},"end":{"line":82,"column":7}},{"start":{},"end":{}}],"line":80},"3":{"loc":{"start":{"line":83,"column":6},"end":{"line":95,"column":7}},"type":"if","locations":[{"start":{"line":83,"column":6},"end":{"line":95,"column":7}},{"start":{},"end":{}}],"line":83},"4":{"loc":{"start":{"line":83,"column":10},"end":{"line":83,"column":55}},"type":"binary-expr","locations":[{"start":{"line":83,"column":10},"end":{"line":83,"column":23}},{"start":{"line":83,"column":27},"end":{"line":83,"column":55}}],"line":83},"5":{"loc":{"start":{"line":85,"column":10},"end":{"line":92,"column":11}},"type":"if","locations":[{"start":{"line":85,"column":10},"end":{"line":92,"column":11}},{"start":{},"end":{}}],"line":85},"6":{"loc":{"start":{"line":85,"column":14},"end":{"line":85,"column":56}},"type":"binary-expr","locations":[{"start":{"line":85,"column":14},"end":{"line":85,"column":23}},{"start":{"line":85,"column":27},"end":{"line":85,"column":56}}],"line":85},"7":{"loc":{"start":{"line":86,"column":28},"end":{"line":86,"column":81}},"type":"cond-expr","locations":[{"start":{"line":86,"column":49},"end":{"line":86,"column":69}},{"start":{"line":86,"column":72},"end":{"line":86,"column":81}}],"line":86},"8":{"loc":{"start":{"line":111,"column":4},"end":{"line":113,"column":5}},"type":"if","locations":[{"start":{"line":111,"column":4},"end":{"line":113,"column":5}},{"start":{},"end":{}}],"line":111},"9":{"loc":{"start":{"line":117,"column":4},"end":{"line":119,"column":5}},"type":"if","locations":[{"start":{"line":117,"column":4},"end":{"line":119,"column":5}},{"start":{},"end":{}}],"line":117},"10":{"loc":{"start":{"line":133,"column":6},"end":{"line":135,"column":7}},"type":"if","locations":[{"start":{"line":133,"column":6},"end":{"line":135,"column":7}},{"start":{},"end":{}}],"line":133},"11":{"loc":{"start":{"line":143,"column":4},"end":{"line":145,"column":5}},"type":"if","locations":[{"start":{"line":143,"column":4},"end":{"line":145,"column":5}},{"start":{},"end":{}}],"line":143},"12":{"loc":{"start":{"line":152,"column":4},"end":{"line":154,"column":5}},"type":"if","locations":[{"start":{"line":152,"column":4},"end":{"line":154,"column":5}},{"start":{},"end":{}}],"line":152},"13":{"loc":{"start":{"line":161,"column":4},"end":{"line":163,"column":5}},"type":"if","locations":[{"start":{"line":161,"column":4},"end":{"line":163,"column":5}},{"start":{},"end":{}}],"line":161},"14":{"loc":{"start":{"line":170,"column":4},"end":{"line":172,"column":5}},"type":"if","locations":[{"start":{"line":170,"column":4},"end":{"line":172,"column":5}},{"start":{},"end":{}}],"line":170},"15":{"loc":{"start":{"line":186,"column":4},"end":{"line":188,"column":5}},"type":"if","locations":[{"start":{"line":186,"column":4},"end":{"line":188,"column":5}},{"start":{},"end":{}}],"line":186},"16":{"loc":{"start":{"line":195,"column":4},"end":{"line":197,"column":5}},"type":"if","locations":[{"start":{"line":195,"column":4},"end":{"line":197,"column":5}},{"start":{},"end":{}}],"line":195},"17":{"loc":{"start":{"line":204,"column":8},"end":{"line":206,"column":9}},"type":"if","locations":[{"start":{"line":204,"column":8},"end":{"line":206,"column":9}},{"start":{},"end":{}}],"line":204},"18":{"loc":{"start":{"line":215,"column":4},"end":{"line":217,"column":5}},"type":"if","locations":[{"start":{"line":215,"column":4},"end":{"line":217,"column":5}},{"start":{},"end":{}}],"line":215},"19":{"loc":{"start":{"line":224,"column":4},"end":{"line":226,"column":5}},"type":"if","locations":[{"start":{"line":224,"column":4},"end":{"line":226,"column":5}},{"start":{},"end":{}}],"line":224},"20":{"loc":{"start":{"line":246,"column":4},"end":{"line":248,"column":5}},"type":"if","locations":[{"start":{"line":246,"column":4},"end":{"line":248,"column":5}},{"start":{},"end":{}}],"line":246},"21":{"loc":{"start":{"line":256,"column":4},"end":{"line":258,"column":5}},"type":"if","locations":[{"start":{"line":256,"column":4},"end":{"line":258,"column":5}},{"start":{},"end":{}}],"line":256},"22":{"loc":{"start":{"line":265,"column":4},"end":{"line":267,"column":5}},"type":"if","locations":[{"start":{"line":265,"column":4},"end":{"line":267,"column":5}},{"start":{},"end":{}}],"line":265},"23":{"loc":{"start":{"line":275,"column":4},"end":{"line":277,"column":5}},"type":"if","locations":[{"start":{"line":275,"column":4},"end":{"line":277,"column":5}},{"start":{},"end":{}}],"line":275},"24":{"loc":{"start":{"line":284,"column":4},"end":{"line":286,"column":5}},"type":"if","locations":[{"start":{"line":284,"column":4},"end":{"line":286,"column":5}},{"start":{},"end":{}}],"line":284},"25":{"loc":{"start":{"line":287,"column":4},"end":{"line":289,"column":5}},"type":"if","locations":[{"start":{"line":287,"column":4},"end":{"line":289,"column":5}},{"start":{},"end":{}}],"line":287}},"s":{"0":0,"1":0,"2":0,"3":0,"4":0,"5":0,"6":0,"7":0,"8":0,"9":0,"10":0,"11":0,"12":0,"13":0,"14":0,"15":0,"16":0,"17":0,"18":0,"19":0,"20":0,"21":0,"22":0,"23":0,"24":0,"25":0,"26":0,"27":0,"28":0,"29":0,"30":0,"31":0,"32":0,"33":0,"34":0,"35":0,"36":0,"37":0,"38":0,"39":0,"40":0,"41":0,"42":0,"43":0,"44":0,"45":0,"46":0,"47":0,"48":0,"49":0,"50":0,"51":0,"52":0,"53":0,"54":0,"55":0,"56":0,"57":0,"58":0,"59":0,"60":0,"61":0,"62":0,"63":0,"64":0,"65":0,"66":0,"67":0,"68":0,"69":0,"70":0,"71":0,"72":0,"73":0,"74":0,"75":0,"76":0,"77":0,"78":0,"79":0,"80":0,"81":0,"82":0,"83":0,"84":0,"85":0,"86":0,"87":0,"88":0,"89":0,"90":0,"91":0,"92":0,"93":0,"94":0,"95":0,"96":0,"97":0,"98":0,"99":0,"100":0,"101":0,"102":0,"103":0,"104":0,"105":0,"106":0,"107":0,"108":0,"109":0,"110":0,"111":0,"112":0,"113":0,"114":0,"115":0,"116":0,"117":0,"118":0,"119":0,"120":0,"121":0,"122":0,"123":0,"124":0,"125":0,"126":0,"127":0,"128":0,"129":0,"130":0,"131":0,"132":0,"133":0,"134":0,"135":0,"136":0,"137":0,"138":0,"139":0,"140":0,"141":0,"142":0,"143":0},"f":{"0":0,"1":0,"2":0,"3":0,"4":0,"5":0,"6":0,"7":0,"8":0,"9":0,"10":0,"11":0,"12":0,"13":0,"14":0,"15":0,"16":0,"17":0,"18":0,"19":0,"20":0,"21":0},"b":{"0":[0],"1":[0,0],"2":[0,0],"3":[0,0],"4":[0,0],"5":[0,0],"6":[0,0],"7":[0,0],"8":[0,0],"9":[0,0],"10":[0,0],"11":[0,0],"12":[0,0],"13":[0,0],"14":[0,0],"15":[0,0],"16":[0,0],"17":[0,0],"18":[0,0],"19":[0,0],"20":[0,0],"21":[0,0],"22":[0,0],"23":[0,0],"24":[0,0],"25":[0,0]},"all":true},"/Users/javieralmenaraherrera/PROYECTO/final-project-e01/packages/backend/src/Class/TasksLogic.ts":{"path":"/Users/javieralmenaraherrera/PROYECTO/final-project-e01/packages/backend/src/Class/TasksLogic.ts","statementMap":{"0":{"start":{"line":33,"column":4},"end":{"line":33,"column":31}},"1":{"start":{"line":37,"column":18},"end":{"line":37,"column":56}},"2":{"start":{"line":38,"column":18},"end":{"line":38,"column":23}},"3":{"start":{"line":39,"column":17},"end":{"line":39,"column":35}},"4":{"start":{"line":40,"column":18},"end":{"line":40,"column":89}},"5":{"start":{"line":41,"column":23},"end":{"line":41,"column":71}},"6":{"start":{"line":42,"column":23},"end":{"line":42,"column":52}},"7":{"start":{"line":43,"column":4},"end":{"line":45,"column":5}},"8":{"start":{"line":44,"column":6},"end":{"line":44,"column":61}},"9":{"start":{"line":46,"column":4},"end":{"line":46,"column":62}},"10":{"start":{"line":50,"column":17},"end":{"line":50,"column":106}},"11":{"start":{"line":51,"column":4},"end":{"line":53,"column":5}},"12":{"start":{"line":52,"column":6},"end":{"line":52,"column":58}},"13":{"start":{"line":54,"column":4},"end":{"line":66,"column":5}},"14":{"start":{"line":55,"column":6},"end":{"line":65,"column":9}},"15":{"start":{"line":56,"column":8},"end":{"line":63,"column":9}},"16":{"start":{"line":57,"column":26},"end":{"line":57,"column":79}},"17":{"start":{"line":58,"column":46},"end":{"line":58,"column":53}},"18":{"start":{"line":59,"column":10},"end":{"line":62,"column":12}},"19":{"start":{"line":64,"column":8},"end":{"line":64,"column":20}},"20":{"start":{"line":67,"column":4},"end":{"line":67,"column":45}},"21":{"start":{"line":71,"column":18},"end":{"line":71,"column":48}},"22":{"start":{"line":72,"column":18},"end":{"line":72,"column":120}},"23":{"start":{"line":73,"column":4},"end":{"line":75,"column":5}},"24":{"start":{"line":74,"column":6},"end":{"line":74,"column":59}},"25":{"start":{"line":76,"column":4},"end":{"line":76,"column":46}},"26":{"start":{"line":80,"column":18},"end":{"line":80,"column":58}},"27":{"start":{"line":81,"column":18},"end":{"line":81,"column":112}},"28":{"start":{"line":82,"column":4},"end":{"line":84,"column":5}},"29":{"start":{"line":83,"column":6},"end":{"line":83,"column":59}},"30":{"start":{"line":85,"column":4},"end":{"line":85,"column":46}},"31":{"start":{"line":89,"column":18},"end":{"line":89,"column":33}},"32":{"start":{"line":90,"column":18},"end":{"line":90,"column":112}},"33":{"start":{"line":91,"column":4},"end":{"line":93,"column":5}},"34":{"start":{"line":92,"column":6},"end":{"line":92,"column":59}},"35":{"start":{"line":94,"column":4},"end":{"line":94,"column":46}},"36":{"start":{"line":99,"column":23},"end":{"line":99,"column":33}},"37":{"start":{"line":100,"column":30},"end":{"line":100,"column":33}},"38":{"start":{"line":101,"column":21},"end":{"line":115,"column":6}},"39":{"start":{"line":116,"column":4},"end":{"line":116,"column":51}},"40":{"start":{"line":120,"column":23},"end":{"line":120,"column":33}},"41":{"start":{"line":121,"column":30},"end":{"line":121,"column":33}},"42":{"start":{"line":122,"column":21},"end":{"line":137,"column":6}},"43":{"start":{"line":138,"column":4},"end":{"line":140,"column":5}},"44":{"start":{"line":139,"column":6},"end":{"line":139,"column":58}},"45":{"start":{"line":141,"column":21},"end":{"line":141,"column":56}},"46":{"start":{"line":142,"column":31},"end":{"line":146,"column":5}},"47":{"start":{"line":147,"column":4},"end":{"line":149,"column":5}},"48":{"start":{"line":148,"column":6},"end":{"line":148,"column":79}},"49":{"start":{"line":150,"column":4},"end":{"line":150,"column":51}},"50":{"start":{"line":154,"column":22},"end":{"line":154,"column":92}},"51":{"start":{"line":155,"column":4},"end":{"line":157,"column":5}},"52":{"start":{"line":156,"column":6},"end":{"line":156,"column":48}},"53":{"start":{"line":158,"column":26},"end":{"line":158,"column":115}},"54":{"start":{"line":159,"column":4},"end":{"line":161,"column":5}},"55":{"start":{"line":160,"column":6},"end":{"line":160,"column":43}},"56":{"start":{"line":162,"column":25},"end":{"line":162,"column":101}},"57":{"start":{"line":163,"column":4},"end":{"line":165,"column":5}},"58":{"start":{"line":164,"column":6},"end":{"line":164,"column":40}},"59":{"start":{"line":166,"column":19},"end":{"line":166,"column":21}},"60":{"start":{"line":167,"column":4},"end":{"line":167,"column":54}},"61":{"start":{"line":167,"column":21},"end":{"line":167,"column":54}},"62":{"start":{"line":168,"column":4},"end":{"line":168,"column":52}},"63":{"start":{"line":168,"column":17},"end":{"line":168,"column":52}},"64":{"start":{"line":169,"column":4},"end":{"line":169,"column":46}},"65":{"start":{"line":169,"column":18},"end":{"line":169,"column":46}},"66":{"start":{"line":170,"column":4},"end":{"line":170,"column":39}},"67":{"start":{"line":170,"column":16},"end":{"line":170,"column":39}},"68":{"start":{"line":171,"column":4},"end":{"line":171,"column":51}},"69":{"start":{"line":171,"column":20},"end":{"line":171,"column":51}},"70":{"start":{"line":172,"column":17},"end":{"line":172,"column":85}},"71":{"start":{"line":173,"column":4},"end":{"line":173,"column":45}},"72":{"start":{"line":177,"column":19},"end":{"line":177,"column":21}},"73":{"start":{"line":178,"column":4},"end":{"line":178,"column":54}},"74":{"start":{"line":178,"column":21},"end":{"line":178,"column":54}},"75":{"start":{"line":179,"column":4},"end":{"line":179,"column":52}},"76":{"start":{"line":179,"column":17},"end":{"line":179,"column":52}},"77":{"start":{"line":180,"column":4},"end":{"line":180,"column":46}},"78":{"start":{"line":180,"column":18},"end":{"line":180,"column":46}},"79":{"start":{"line":181,"column":4},"end":{"line":181,"column":39}},"80":{"start":{"line":181,"column":16},"end":{"line":181,"column":39}},"81":{"start":{"line":182,"column":4},"end":{"line":182,"column":51}},"82":{"start":{"line":182,"column":20},"end":{"line":182,"column":51}},"83":{"start":{"line":183,"column":17},"end":{"line":183,"column":75}},"84":{"start":{"line":184,"column":4},"end":{"line":184,"column":45}},"85":{"start":{"line":188,"column":23},"end":{"line":188,"column":105}},"86":{"start":{"line":189,"column":4},"end":{"line":189,"column":51}},"87":{"start":{"line":193,"column":4},"end":{"line":218,"column":5}},"88":{"start":{"line":195,"column":27},"end":{"line":195,"column":105}},"89":{"start":{"line":196,"column":6},"end":{"line":198,"column":7}},"90":{"start":{"line":197,"column":8},"end":{"line":197,"column":60}},"91":{"start":{"line":200,"column":31},"end":{"line":200,"column":84}},"92":{"start":{"line":201,"column":6},"end":{"line":203,"column":7}},"93":{"start":{"line":202,"column":8},"end":{"line":202,"column":71}},"94":{"start":{"line":205,"column":6},"end":{"line":214,"column":7}},"95":{"start":{"line":206,"column":35},"end":{"line":210,"column":9}},"96":{"start":{"line":211,"column":8},"end":{"line":213,"column":9}},"97":{"start":{"line":212,"column":10},"end":{"line":212,"column":84}},"98":{"start":{"line":215,"column":6},"end":{"line":215,"column":94}},"99":{"start":{"line":217,"column":6},"end":{"line":217,"column":92}},"100":{"start":{"line":222,"column":4},"end":{"line":235,"column":5}},"101":{"start":{"line":223,"column":28},"end":{"line":227,"column":7}},"102":{"start":{"line":228,"column":6},"end":{"line":230,"column":7}},"103":{"start":{"line":229,"column":8},"end":{"line":229,"column":77}},"104":{"start":{"line":231,"column":6},"end":{"line":231,"column":80}},"105":{"start":{"line":234,"column":6},"end":{"line":234,"column":92}},"106":{"start":{"line":239,"column":40},"end":{"line":239,"column":42}},"107":{"start":{"line":241,"column":4},"end":{"line":243,"column":5}},"108":{"start":{"line":242,"column":6},"end":{"line":242,"column":54}},"109":{"start":{"line":244,"column":4},"end":{"line":244,"column":33}},"110":{"start":{"line":245,"column":4},"end":{"line":245,"column":17}}},"fnMap":{"0":{"name":"(anonymous_0)","decl":{"start":{"line":32,"column":2},"end":{"line":32,"column":3}},"loc":{"start":{"line":32,"column":42},"end":{"line":34,"column":3}},"line":32},"1":{"name":"(anonymous_1)","decl":{"start":{"line":36,"column":2},"end":{"line":36,"column":3}},"loc":{"start":{"line":36,"column":106},"end":{"line":47,"column":3}},"line":36},"2":{"name":"(anonymous_2)","decl":{"start":{"line":49,"column":2},"end":{"line":49,"column":3}},"loc":{"start":{"line":49,"column":60},"end":{"line":68,"column":3}},"line":49},"3":{"name":"(anonymous_3)","decl":{"start":{"line":55,"column":34},"end":{"line":55,"column":35}},"loc":{"start":{"line":55,"column":49},"end":{"line":65,"column":7}},"line":55},"4":{"name":"(anonymous_4)","decl":{"start":{"line":70,"column":2},"end":{"line":70,"column":3}},"loc":{"start":{"line":70,"column":88},"end":{"line":77,"column":3}},"line":70},"5":{"name":"(anonymous_5)","decl":{"start":{"line":79,"column":2},"end":{"line":79,"column":3}},"loc":{"start":{"line":79,"column":84},"end":{"line":86,"column":3}},"line":79},"6":{"name":"(anonymous_6)","decl":{"start":{"line":88,"column":2},"end":{"line":88,"column":3}},"loc":{"start":{"line":88,"column":67},"end":{"line":95,"column":3}},"line":88},"7":{"name":"(anonymous_7)","decl":{"start":{"line":98,"column":2},"end":{"line":98,"column":3}},"loc":{"start":{"line":98,"column":235},"end":{"line":117,"column":3}},"line":98},"8":{"name":"(anonymous_8)","decl":{"start":{"line":119,"column":2},"end":{"line":119,"column":3}},"loc":{"start":{"line":119,"column":261},"end":{"line":151,"column":3}},"line":119},"9":{"name":"(anonymous_9)","decl":{"start":{"line":153,"column":2},"end":{"line":153,"column":3}},"loc":{"start":{"line":153,"column":227},"end":{"line":174,"column":3}},"line":153},"10":{"name":"(anonymous_10)","decl":{"start":{"line":176,"column":2},"end":{"line":176,"column":3}},"loc":{"start":{"line":176,"column":194},"end":{"line":185,"column":3}},"line":176},"11":{"name":"(anonymous_11)","decl":{"start":{"line":187,"column":2},"end":{"line":187,"column":3}},"loc":{"start":{"line":187,"column":90},"end":{"line":190,"column":3}},"line":187},"12":{"name":"(anonymous_12)","decl":{"start":{"line":192,"column":2},"end":{"line":192,"column":3}},"loc":{"start":{"line":192,"column":67},"end":{"line":219,"column":3}},"line":192},"13":{"name":"(anonymous_13)","decl":{"start":{"line":221,"column":2},"end":{"line":221,"column":3}},"loc":{"start":{"line":221,"column":85},"end":{"line":236,"column":3}},"line":221},"14":{"name":"(anonymous_14)","decl":{"start":{"line":238,"column":2},"end":{"line":238,"column":3}},"loc":{"start":{"line":238,"column":72},"end":{"line":246,"column":3}},"line":238}},"branchMap":{"0":{"loc":{"start":{"line":36,"column":60},"end":{"line":36,"column":76}},"type":"default-arg","locations":[{"start":{"line":36,"column":75},"end":{"line":36,"column":76}}],"line":36},"1":{"loc":{"start":{"line":43,"column":4},"end":{"line":45,"column":5}},"type":"if","locations":[{"start":{"line":43,"column":4},"end":{"line":45,"column":5}},{"start":{},"end":{}}],"line":43},"2":{"loc":{"start":{"line":51,"column":4},"end":{"line":53,"column":5}},"type":"if","locations":[{"start":{"line":51,"column":4},"end":{"line":53,"column":5}},{"start":{},"end":{}}],"line":51},"3":{"loc":{"start":{"line":54,"column":4},"end":{"line":66,"column":5}},"type":"if","locations":[{"start":{"line":54,"column":4},"end":{"line":66,"column":5}},{"start":{},"end":{}}],"line":54},"4":{"loc":{"start":{"line":54,"column":8},"end":{"line":54,"column":47}},"type":"binary-expr","locations":[{"start":{"line":54,"column":8},"end":{"line":54,"column":18}},{"start":{"line":54,"column":22},"end":{"line":54,"column":47}}],"line":54},"5":{"loc":{"start":{"line":56,"column":8},"end":{"line":63,"column":9}},"type":"if","locations":[{"start":{"line":56,"column":8},"end":{"line":63,"column":9}},{"start":{},"end":{}}],"line":56},"6":{"loc":{"start":{"line":56,"column":12},"end":{"line":56,"column":54}},"type":"binary-expr","locations":[{"start":{"line":56,"column":12},"end":{"line":56,"column":21}},{"start":{"line":56,"column":25},"end":{"line":56,"column":54}}],"line":56},"7":{"loc":{"start":{"line":57,"column":26},"end":{"line":57,"column":79}},"type":"cond-expr","locations":[{"start":{"line":57,"column":47},"end":{"line":57,"column":67}},{"start":{"line":57,"column":70},"end":{"line":57,"column":79}}],"line":57},"8":{"loc":{"start":{"line":73,"column":4},"end":{"line":75,"column":5}},"type":"if","locations":[{"start":{"line":73,"column":4},"end":{"line":75,"column":5}},{"start":{},"end":{}}],"line":73},"9":{"loc":{"start":{"line":82,"column":4},"end":{"line":84,"column":5}},"type":"if","locations":[{"start":{"line":82,"column":4},"end":{"line":84,"column":5}},{"start":{},"end":{}}],"line":82},"10":{"loc":{"start":{"line":91,"column":4},"end":{"line":93,"column":5}},"type":"if","locations":[{"start":{"line":91,"column":4},"end":{"line":93,"column":5}},{"start":{},"end":{}}],"line":91},"11":{"loc":{"start":{"line":138,"column":4},"end":{"line":140,"column":5}},"type":"if","locations":[{"start":{"line":138,"column":4},"end":{"line":140,"column":5}},{"start":{},"end":{}}],"line":138},"12":{"loc":{"start":{"line":147,"column":4},"end":{"line":149,"column":5}},"type":"if","locations":[{"start":{"line":147,"column":4},"end":{"line":149,"column":5}},{"start":{},"end":{}}],"line":147},"13":{"loc":{"start":{"line":155,"column":4},"end":{"line":157,"column":5}},"type":"if","locations":[{"start":{"line":155,"column":4},"end":{"line":157,"column":5}},{"start":{},"end":{}}],"line":155},"14":{"loc":{"start":{"line":159,"column":4},"end":{"line":161,"column":5}},"type":"if","locations":[{"start":{"line":159,"column":4},"end":{"line":161,"column":5}},{"start":{},"end":{}}],"line":159},"15":{"loc":{"start":{"line":163,"column":4},"end":{"line":165,"column":5}},"type":"if","locations":[{"start":{"line":163,"column":4},"end":{"line":165,"column":5}},{"start":{},"end":{}}],"line":163},"16":{"loc":{"start":{"line":167,"column":4},"end":{"line":167,"column":54}},"type":"if","locations":[{"start":{"line":167,"column":4},"end":{"line":167,"column":54}},{"start":{},"end":{}}],"line":167},"17":{"loc":{"start":{"line":168,"column":4},"end":{"line":168,"column":52}},"type":"if","locations":[{"start":{"line":168,"column":4},"end":{"line":168,"column":52}},{"start":{},"end":{}}],"line":168},"18":{"loc":{"start":{"line":169,"column":4},"end":{"line":169,"column":46}},"type":"if","locations":[{"start":{"line":169,"column":4},"end":{"line":169,"column":46}},{"start":{},"end":{}}],"line":169},"19":{"loc":{"start":{"line":170,"column":4},"end":{"line":170,"column":39}},"type":"if","locations":[{"start":{"line":170,"column":4},"end":{"line":170,"column":39}},{"start":{},"end":{}}],"line":170},"20":{"loc":{"start":{"line":171,"column":4},"end":{"line":171,"column":51}},"type":"if","locations":[{"start":{"line":171,"column":4},"end":{"line":171,"column":51}},{"start":{},"end":{}}],"line":171},"21":{"loc":{"start":{"line":178,"column":4},"end":{"line":178,"column":54}},"type":"if","locations":[{"start":{"line":178,"column":4},"end":{"line":178,"column":54}},{"start":{},"end":{}}],"line":178},"22":{"loc":{"start":{"line":179,"column":4},"end":{"line":179,"column":52}},"type":"if","locations":[{"start":{"line":179,"column":4},"end":{"line":179,"column":52}},{"start":{},"end":{}}],"line":179},"23":{"loc":{"start":{"line":180,"column":4},"end":{"line":180,"column":46}},"type":"if","locations":[{"start":{"line":180,"column":4},"end":{"line":180,"column":46}},{"start":{},"end":{}}],"line":180},"24":{"loc":{"start":{"line":181,"column":4},"end":{"line":181,"column":39}},"type":"if","locations":[{"start":{"line":181,"column":4},"end":{"line":181,"column":39}},{"start":{},"end":{}}],"line":181},"25":{"loc":{"start":{"line":182,"column":4},"end":{"line":182,"column":51}},"type":"if","locations":[{"start":{"line":182,"column":4},"end":{"line":182,"column":51}},{"start":{},"end":{}}],"line":182},"26":{"loc":{"start":{"line":196,"column":6},"end":{"line":198,"column":7}},"type":"if","locations":[{"start":{"line":196,"column":6},"end":{"line":198,"column":7}},{"start":{},"end":{}}],"line":196},"27":{"loc":{"start":{"line":201,"column":6},"end":{"line":203,"column":7}},"type":"if","locations":[{"start":{"line":201,"column":6},"end":{"line":203,"column":7}},{"start":{},"end":{}}],"line":201},"28":{"loc":{"start":{"line":205,"column":6},"end":{"line":214,"column":7}},"type":"if","locations":[{"start":{"line":205,"column":6},"end":{"line":214,"column":7}},{"start":{},"end":{}}],"line":205},"29":{"loc":{"start":{"line":211,"column":8},"end":{"line":213,"column":9}},"type":"if","locations":[{"start":{"line":211,"column":8},"end":{"line":213,"column":9}},{"start":{},"end":{}}],"line":211},"30":{"loc":{"start":{"line":228,"column":6},"end":{"line":230,"column":7}},"type":"if","locations":[{"start":{"line":228,"column":6},"end":{"line":230,"column":7}},{"start":{},"end":{}}],"line":228},"31":{"loc":{"start":{"line":241,"column":4},"end":{"line":243,"column":5}},"type":"if","locations":[{"start":{"line":241,"column":4},"end":{"line":243,"column":5}},{"start":{},"end":{}}],"line":241}},"s":{"0":0,"1":0,"2":0,"3":0,"4":0,"5":0,"6":0,"7":0,"8":0,"9":0,"10":0,"11":0,"12":0,"13":0,"14":0,"15":0,"16":0,"17":0,"18":0,"19":0,"20":0,"21":0,"22":0,"23":0,"24":0,"25":0,"26":0,"27":0,"28":0,"29":0,"30":0,"31":0,"32":0,"33":0,"34":0,"35":0,"36":0,"37":0,"38":0,"39":0,"40":0,"41":0,"42":0,"43":0,"44":0,"45":0,"46":0,"47":0,"48":0,"49":0,"50":0,"51":0,"52":0,"53":0,"54":0,"55":0,"56":0,"57":0,"58":0,"59":0,"60":0,"61":0,"62":0,"63":0,"64":0,"65":0,"66":0,"67":0,"68":0,"69":0,"70":0,"71":0,"72":0,"73":0,"74":0,"75":0,"76":0,"77":0,"78":0,"79":0,"80":0,"81":0,"82":0,"83":0,"84":0,"85":0,"86":0,"87":0,"88":0,"89":0,"90":0,"91":0,"92":0,"93":0,"94":0,"95":0,"96":0,"97":0,"98":0,"99":0,"100":0,"101":0,"102":0,"103":0,"104":0,"105":0,"106":0,"107":0,"108":0,"109":0,"110":0},"f":{"0":0,"1":0,"2":0,"3":0,"4":0,"5":0,"6":0,"7":0,"8":0,"9":0,"10":0,"11":0,"12":0,"13":0,"14":0},"b":{"0":[0],"1":[0,0],"2":[0,0],"3":[0,0],"4":[0,0],"5":[0,0],"6":[0,0],"7":[0,0],"8":[0,0],"9":[0,0],"10":[0,0],"11":[0,0],"12":[0,0],"13":[0,0],"14":[0,0],"15":[0,0],"16":[0,0],"17":[0,0],"18":[0,0],"19":[0,0],"20":[0,0],"21":[0,0],"22":[0,0],"23":[0,0],"24":[0,0],"25":[0,0],"26":[0,0],"27":[0,0],"28":[0,0],"29":[0,0],"30":[0,0],"31":[0,0]},"all":true},"/Users/javieralmenaraherrera/PROYECTO/final-project-e01/packages/backend/src/Class/UsersLogic.ts":{"path":"/Users/javieralmenaraherrera/PROYECTO/final-project-e01/packages/backend/src/Class/UsersLogic.ts","statementMap":{"0":{"start":{"line":23,"column":19},"end":{"line":23,"column":58}},"1":{"start":{"line":34,"column":4},"end":{"line":34,"column":31}},"2":{"start":{"line":38,"column":17},"end":{"line":38,"column":69}},"3":{"start":{"line":39,"column":4},"end":{"line":39,"column":45}},"4":{"start":{"line":43,"column":4},"end":{"line":56,"column":5}},"5":{"start":{"line":44,"column":20},"end":{"line":44,"column":25}},"6":{"start":{"line":45,"column":19},"end":{"line":45,"column":37}},"7":{"start":{"line":46,"column":20},"end":{"line":46,"column":58}},"8":{"start":{"line":47,"column":20},"end":{"line":47,"column":101}},"9":{"start":{"line":48,"column":25},"end":{"line":48,"column":73}},"10":{"start":{"line":49,"column":25},"end":{"line":49,"column":54}},"11":{"start":{"line":50,"column":6},"end":{"line":52,"column":7}},"12":{"start":{"line":51,"column":8},"end":{"line":51,"column":63}},"13":{"start":{"line":53,"column":6},"end":{"line":53,"column":64}},"14":{"start":{"line":55,"column":6},"end":{"line":55,"column":66}},"15":{"start":{"line":60,"column":21},"end":{"line":66,"column":6}},"16":{"start":{"line":67,"column":4},"end":{"line":67,"column":51}},"17":{"start":{"line":71,"column":18},"end":{"line":71,"column":27}},"18":{"start":{"line":72,"column":17},"end":{"line":72,"column":81}},"19":{"start":{"line":73,"column":4},"end":{"line":73,"column":49}},"20":{"start":{"line":73,"column":15},"end":{"line":73,"column":49}},"21":{"start":{"line":74,"column":26},"end":{"line":74,"column":71}},"22":{"start":{"line":75,"column":4},"end":{"line":75,"column":77}},"23":{"start":{"line":75,"column":24},"end":{"line":75,"column":77}},"24":{"start":{"line":76,"column":18},"end":{"line":76,"column":80}},"25":{"start":{"line":77,"column":23},"end":{"line":77,"column":45}},"26":{"start":{"line":78,"column":4},"end":{"line":78,"column":31}},"27":{"start":{"line":79,"column":4},"end":{"line":79,"column":26}},"28":{"start":{"line":80,"column":4},"end":{"line":80,"column":26}},"29":{"start":{"line":81,"column":4},"end":{"line":81,"column":62}},"30":{"start":{"line":85,"column":24},"end":{"line":85,"column":50}},"31":{"start":{"line":86,"column":4},"end":{"line":86,"column":62}},"32":{"start":{"line":87,"column":23},"end":{"line":87,"column":84}},"33":{"start":{"line":88,"column":4},"end":{"line":88,"column":51}},"34":{"start":{"line":92,"column":24},"end":{"line":92,"column":50}},"35":{"start":{"line":93,"column":25},"end":{"line":93,"column":80}},"36":{"start":{"line":94,"column":4},"end":{"line":94,"column":88}},"37":{"start":{"line":94,"column":54},"end":{"line":94,"column":88}},"38":{"start":{"line":95,"column":30},"end":{"line":95,"column":58}},"39":{"start":{"line":97,"column":4},"end":{"line":99,"column":5}},"40":{"start":{"line":98,"column":6},"end":{"line":98,"column":72}},"41":{"start":{"line":101,"column":20},"end":{"line":101,"column":22}},"42":{"start":{"line":102,"column":4},"end":{"line":102,"column":45}},"43":{"start":{"line":102,"column":18},"end":{"line":102,"column":45}},"44":{"start":{"line":103,"column":4},"end":{"line":103,"column":36}},"45":{"start":{"line":103,"column":15},"end":{"line":103,"column":36}},"46":{"start":{"line":104,"column":4},"end":{"line":104,"column":68}},"47":{"start":{"line":104,"column":18},"end":{"line":104,"column":68}},"48":{"start":{"line":105,"column":4},"end":{"line":105,"column":48}},"49":{"start":{"line":105,"column":29},"end":{"line":105,"column":48}},"50":{"start":{"line":106,"column":4},"end":{"line":106,"column":57}},"51":{"start":{"line":106,"column":24},"end":{"line":106,"column":57}},"52":{"start":{"line":107,"column":17},"end":{"line":107,"column":69}},"53":{"start":{"line":108,"column":4},"end":{"line":110,"column":5}},"54":{"start":{"line":109,"column":6},"end":{"line":109,"column":40}},"55":{"start":{"line":111,"column":4},"end":{"line":111,"column":45}},"56":{"start":{"line":115,"column":17},"end":{"line":115,"column":72}},"57":{"start":{"line":116,"column":4},"end":{"line":116,"column":28}},"58":{"start":{"line":116,"column":15},"end":{"line":116,"column":28}},"59":{"start":{"line":117,"column":4},"end":{"line":117,"column":37}},"60":{"start":{"line":121,"column":17},"end":{"line":121,"column":91}},"61":{"start":{"line":122,"column":4},"end":{"line":122,"column":16}},"62":{"start":{"line":126,"column":17},"end":{"line":126,"column":75}},"63":{"start":{"line":127,"column":4},"end":{"line":127,"column":16}},"64":{"start":{"line":131,"column":17},"end":{"line":131,"column":84}},"65":{"start":{"line":132,"column":4},"end":{"line":132,"column":49}},"66":{"start":{"line":132,"column":15},"end":{"line":132,"column":49}},"67":{"start":{"line":133,"column":4},"end":{"line":133,"column":44}},"68":{"start":{"line":134,"column":24},"end":{"line":134,"column":116}},"69":{"start":{"line":135,"column":4},"end":{"line":135,"column":58}},"70":{"start":{"line":135,"column":22},"end":{"line":135,"column":58}},"71":{"start":{"line":136,"column":4},"end":{"line":136,"column":16}},"72":{"start":{"line":140,"column":17},"end":{"line":140,"column":84}},"73":{"start":{"line":141,"column":4},"end":{"line":141,"column":49}},"74":{"start":{"line":141,"column":15},"end":{"line":141,"column":49}},"75":{"start":{"line":142,"column":4},"end":{"line":142,"column":112}},"76":{"start":{"line":142,"column":66},"end":{"line":142,"column":110}},"77":{"start":{"line":143,"column":24},"end":{"line":143,"column":116}},"78":{"start":{"line":144,"column":4},"end":{"line":144,"column":58}},"79":{"start":{"line":144,"column":22},"end":{"line":144,"column":58}},"80":{"start":{"line":145,"column":4},"end":{"line":145,"column":16}},"81":{"start":{"line":149,"column":23},"end":{"line":149,"column":25}},"82":{"start":{"line":151,"column":4},"end":{"line":153,"column":5}},"83":{"start":{"line":152,"column":6},"end":{"line":152,"column":65}},"84":{"start":{"line":154,"column":4},"end":{"line":156,"column":5}},"85":{"start":{"line":155,"column":6},"end":{"line":155,"column":59}},"86":{"start":{"line":157,"column":4},"end":{"line":157,"column":17}}},"fnMap":{"0":{"name":"(anonymous_0)","decl":{"start":{"line":33,"column":2},"end":{"line":33,"column":3}},"loc":{"start":{"line":33,"column":43},"end":{"line":35,"column":3}},"line":33},"1":{"name":"(anonymous_1)","decl":{"start":{"line":37,"column":2},"end":{"line":37,"column":3}},"loc":{"start":{"line":37,"column":78},"end":{"line":40,"column":3}},"line":37},"2":{"name":"(anonymous_2)","decl":{"start":{"line":42,"column":2},"end":{"line":42,"column":3}},"loc":{"start":{"line":42,"column":117},"end":{"line":57,"column":3}},"line":42},"3":{"name":"(anonymous_3)","decl":{"start":{"line":59,"column":2},"end":{"line":59,"column":3}},"loc":{"start":{"line":59,"column":129},"end":{"line":68,"column":3}},"line":59},"4":{"name":"(anonymous_4)","decl":{"start":{"line":70,"column":2},"end":{"line":70,"column":3}},"loc":{"start":{"line":70,"column":82},"end":{"line":82,"column":3}},"line":70},"5":{"name":"(anonymous_5)","decl":{"start":{"line":84,"column":2},"end":{"line":84,"column":3}},"loc":{"start":{"line":84,"column":85},"end":{"line":89,"column":3}},"line":84},"6":{"name":"(anonymous_6)","decl":{"start":{"line":91,"column":2},"end":{"line":91,"column":3}},"loc":{"start":{"line":91,"column":177},"end":{"line":112,"column":3}},"line":91},"7":{"name":"(anonymous_7)","decl":{"start":{"line":114,"column":2},"end":{"line":114,"column":3}},"loc":{"start":{"line":114,"column":55},"end":{"line":118,"column":3}},"line":114},"8":{"name":"(anonymous_8)","decl":{"start":{"line":120,"column":2},"end":{"line":120,"column":3}},"loc":{"start":{"line":120,"column":73},"end":{"line":123,"column":3}},"line":120},"9":{"name":"(anonymous_9)","decl":{"start":{"line":125,"column":2},"end":{"line":125,"column":3}},"loc":{"start":{"line":125,"column":70},"end":{"line":128,"column":3}},"line":125},"10":{"name":"(anonymous_10)","decl":{"start":{"line":130,"column":2},"end":{"line":130,"column":3}},"loc":{"start":{"line":130,"column":92},"end":{"line":137,"column":3}},"line":130},"11":{"name":"(anonymous_11)","decl":{"start":{"line":139,"column":2},"end":{"line":139,"column":3}},"loc":{"start":{"line":139,"column":97},"end":{"line":146,"column":3}},"line":139},"12":{"name":"(anonymous_12)","decl":{"start":{"line":142,"column":51},"end":{"line":142,"column":52}},"loc":{"start":{"line":142,"column":66},"end":{"line":142,"column":110}},"line":142},"13":{"name":"(anonymous_13)","decl":{"start":{"line":148,"column":2},"end":{"line":148,"column":3}},"loc":{"start":{"line":148,"column":82},"end":{"line":158,"column":3}},"line":148}},"branchMap":{"0":{"loc":{"start":{"line":23,"column":19},"end":{"line":23,"column":58}},"type":"binary-expr","locations":[{"start":{"line":23,"column":19},"end":{"line":23,"column":41}},{"start":{"line":23,"column":45},"end":{"line":23,"column":58}}],"line":23},"1":{"loc":{"start":{"line":42,"column":69},"end":{"line":42,"column":86}},"type":"default-arg","locations":[{"start":{"line":42,"column":85},"end":{"line":42,"column":86}}],"line":42},"2":{"loc":{"start":{"line":50,"column":6},"end":{"line":52,"column":7}},"type":"if","locations":[{"start":{"line":50,"column":6},"end":{"line":52,"column":7}},{"start":{},"end":{}}],"line":50},"3":{"loc":{"start":{"line":65,"column":10},"end":{"line":65,"column":56}},"type":"binary-expr","locations":[{"start":{"line":65,"column":10},"end":{"line":65,"column":24}},{"start":{"line":65,"column":28},"end":{"line":65,"column":56}}],"line":65},"4":{"loc":{"start":{"line":73,"column":4},"end":{"line":73,"column":49}},"type":"if","locations":[{"start":{"line":73,"column":4},"end":{"line":73,"column":49}},{"start":{},"end":{}}],"line":73},"5":{"loc":{"start":{"line":75,"column":4},"end":{"line":75,"column":77}},"type":"if","locations":[{"start":{"line":75,"column":4},"end":{"line":75,"column":77}},{"start":{},"end":{}}],"line":75},"6":{"loc":{"start":{"line":86,"column":19},"end":{"line":86,"column":61}},"type":"cond-expr","locations":[{"start":{"line":86,"column":34},"end":{"line":86,"column":46}},{"start":{"line":86,"column":49},"end":{"line":86,"column":61}}],"line":86},"7":{"loc":{"start":{"line":94,"column":4},"end":{"line":94,"column":88}},"type":"if","locations":[{"start":{"line":94,"column":4},"end":{"line":94,"column":88}},{"start":{},"end":{}}],"line":94},"8":{"loc":{"start":{"line":94,"column":8},"end":{"line":94,"column":52}},"type":"binary-expr","locations":[{"start":{"line":94,"column":8},"end":{"line":94,"column":21}},{"start":{"line":94,"column":26},"end":{"line":94,"column":51}}],"line":94},"9":{"loc":{"start":{"line":97,"column":4},"end":{"line":99,"column":5}},"type":"if","locations":[{"start":{"line":97,"column":4},"end":{"line":99,"column":5}},{"start":{},"end":{}}],"line":97},"10":{"loc":{"start":{"line":97,"column":8},
[...]
{"line":216,"column":6},"end":{"line":216,"column":60}},"97":{"start":{"line":219,"column":4},"end":{"line":223,"column":7}},"98":{"start":{"line":220,"column":23},"end":{"line":221,"column":41}},"99":{"start":{"line":222,"column":6},"end":{"line":222,"column":51}}},"fnMap":{"0":{"name":"(anonymous_0)","decl":{"start":{"line":25,"column":32},"end":{"line":25,"column":33}},"loc":{"start":{"line":25,"column":38},"end":{"line":156,"column":1}},"line":25},"1":{"name":"(anonymous_1)","decl":{"start":{"line":28,"column":9},"end":{"line":28,"column":10}},"loc":{"start":{"line":28,"column":21},"end":{"line":37,"column":3}},"line":28},"2":{"name":"(anonymous_2)","decl":{"start":{"line":39,"column":8},"end":{"line":39,"column":9}},"loc":{"start":{"line":39,"column":20},"end":{"line":44,"column":3}},"line":39},"3":{"name":"(anonymous_3)","decl":{"start":{"line":46,"column":24},"end":{"line":46,"column":25}},"loc":{"start":{"line":46,"column":30},"end":{"line":67,"column":3}},"line":46},"4":{"name":"(anonymous_4)","decl":{"start":{"line":47,"column":70},"end":{"line":47,"column":71}},"loc":{"start":{"line":47,"column":82},"end":{"line":53,"column":5}},"line":47},"5":{"name":"(anonymous_5)","decl":{"start":{"line":55,"column":64},"end":{"line":55,"column":65}},"loc":{"start":{"line":55,"column":76},"end":{"line":60,"column":5}},"line":55},"6":{"name":"(anonymous_6)","decl":{"start":{"line":62,"column":57},"end":{"line":62,"column":58}},"loc":{"start":{"line":62,"column":69},"end":{"line":66,"column":5}},"line":62},"7":{"name":"(anonymous_7)","decl":{"start":{"line":69,"column":34},"end":{"line":69,"column":35}},"loc":{"start":{"line":69,"column":40},"end":{"line":91,"column":3}},"line":69},"8":{"name":"(anonymous_8)","decl":{"start":{"line":70,"column":59},"end":{"line":70,"column":60}},"loc":{"start":{"line":70,"column":71},"end":{"line":76,"column":5}},"line":70},"9":{"name":"(anonymous_9)","decl":{"start":{"line":78,"column":48},"end":{"line":78,"column":49}},"loc":{"start":{"line":78,"column":60},"end":{"line":83,"column":5}},"line":78},"10":{"name":"(anonymous_10)","decl":{"start":{"line":85,"column":51},"end":{"line":85,"column":52}},"loc":{"start":{"line":85,"column":63},"end":{"line":90,"column":5}},"line":85},"11":{"name":"(anonymous_11)","decl":{"start":{"line":93,"column":31},"end":{"line":93,"column":32}},"loc":{"start":{"line":93,"column":37},"end":{"line":116,"column":3}},"line":93},"12":{"name":"(anonymous_12)","decl":{"start":{"line":94,"column":55},"end":{"line":94,"column":56}},"loc":{"start":{"line":94,"column":67},"end":{"line":100,"column":5}},"line":94},"13":{"name":"(anonymous_13)","decl":{"start":{"line":102,"column":59},"end":{"line":102,"column":60}},"loc":{"start":{"line":102,"column":71},"end":{"line":108,"column":5}},"line":102},"14":{"name":"(anonymous_14)","decl":{"start":{"line":110,"column":53},"end":{"line":110,"column":54}},"loc":{"start":{"line":110,"column":65},"end":{"line":115,"column":5}},"line":110},"15":{"name":"(anonymous_15)","decl":{"start":{"line":118,"column":34},"end":{"line":118,"column":35}},"loc":{"start":{"line":118,"column":40},"end":{"line":127,"column":3}},"line":118},"16":{"name":"(anonymous_16)","decl":{"start":{"line":119,"column":58},"end":{"line":119,"column":59}},"loc":{"start":{"line":119,"column":70},"end":{"line":126,"column":5}},"line":119},"17":{"name":"(anonymous_17)","decl":{"start":{"line":129,"column":33},"end":{"line":129,"column":34}},"loc":{"start":{"line":129,"column":39},"end":{"line":155,"column":3}},"line":129},"18":{"name":"(anonymous_18)","decl":{"start":{"line":130,"column":65},"end":{"line":130,"column":66}},"loc":{"start":{"line":130,"column":77},"end":{"line":137,"column":5}},"line":130},"19":{"name":"(anonymous_19)","decl":{"start":{"line":139,"column":48},"end":{"line":139,"column":49}},"loc":{"start":{"line":139,"column":60},"end":{"line":146,"column":5}},"line":139},"20":{"name":"(anonymous_20)","decl":{"start":{"line":148,"column":48},"end":{"line":148,"column":49}},"loc":{"start":{"line":148,"column":60},"end":{"line":154,"column":5}},"line":148},"21":{"name":"(anonymous_21)","decl":{"start":{"line":159,"column":43},"end":{"line":159,"column":44}},"loc":{"start":{"line":159,"column":49},"end":{"line":225,"column":1}},"line":159},"22":{"name":"(anonymous_22)","decl":{"start":{"line":162,"column":9},"end":{"line":162,"column":10}},"loc":{"start":{"line":162,"column":21},"end":{"line":171,"column":3}},"line":162},"23":{"name":"(anonymous_23)","decl":{"start":{"line":173,"column":8},"end":{"line":173,"column":9}},"loc":{"start":{"line":173,"column":20},"end":{"line":177,"column":3}},"line":173},"24":{"name":"(anonymous_24)","decl":{"start":{"line":179,"column":33},"end":{"line":179,"column":34}},"loc":{"start":{"line":179,"column":39},"end":{"line":193,"column":3}},"line":179},"25":{"name":"(anonymous_25)","decl":{"start":{"line":180,"column":60},"end":{"line":180,"column":61}},"loc":{"start":{"line":180,"column":72},"end":{"line":186,"column":5}},"line":180},"26":{"name":"(anonymous_26)","decl":{"start":{"line":188,"column":52},"end":{"line":188,"column":53}},"loc":{"start":{"line":188,"column":64},"end":{"line":192,"column":5}},"line":188},"27":{"name":"(anonymous_27)","decl":{"start":{"line":195,"column":41},"end":{"line":195,"column":42}},"loc":{"start":{"line":195,"column":47},"end":{"line":209,"column":3}},"line":195},"28":{"name":"(anonymous_28)","decl":{"start":{"line":196,"column":58},"end":{"line":196,"column":59}},"loc":{"start":{"line":196,"column":70},"end":{"line":202,"column":5}},"line":196},"29":{"name":"(anonymous_29)","decl":{"start":{"line":204,"column":56},"end":{"line":204,"column":57}},"loc":{"start":{"line":204,"column":68},"end":{"line":208,"column":5}},"line":204},"30":{"name":"(anonymous_30)","decl":{"start":{"line":211,"column":31},"end":{"line":211,"column":32}},"loc":{"start":{"line":211,"column":37},"end":{"line":224,"column":3}},"line":211},"31":{"name":"(anonymous_31)","decl":{"start":{"line":212,"column":52},"end":{"line":212,"column":53}},"loc":{"start":{"line":212,"column":64},"end":{"line":217,"column":5}},"line":212},"32":{"name":"(anonymous_32)","decl":{"start":{"line":219,"column":55},"end":{"line":219,"column":56}},"loc":{"start":{"line":219,"column":67},"end":{"line":223,"column":5}},"line":219}},"branchMap":{},"s":{"0":0,"1":0,"2":0,"3":0,"4":0,"5":0,"6":0,"7":0,"8":0,"9":0,"10":0,"11":0,"12":0,"13":0,"14":0,"15":0,"16":0,"17":0,"18":0,"19":0,"20":0,"21":0,"22":0,"23":0,"24":0,"25":0,"26":0,"27":0,"28":0,"29":0,"30":0,"31":0,"32":0,"33":0,"34":0,"35":0,"36":0,"37":0,"38":0,"39":0,"40":0,"41":0,"42":0,"43":0,"44":0,"45":0,"46":0,"47":0,"48":0,"49":0,"50":0,"51":0,"52":0,"53":0,"54":0,"55":0,"56":0,"57":0,"58":0,"59":0,"60":0,"61":0,"62":0,"63":0,"64":0,"65":0,"66":0,"67":0,"68":0,"69":0,"70":0,"71":0,"72":0,"73":0,"74":0,"75":0,"76":0,"77":0,"78":0,"79":0,"80":0,"81":0,"82":0,"83":0,"84":0,"85":0,"86":0,"87":0,"88":0,"89":0,"90":0,"91":0,"92":0,"93":0,"94":0,"95":0,"96":0,"97":0,"98":0,"99":0},"f":{"0":0,"1":0,"2":0,"3":0,"4":0,"5":0,"6":0,"7":0,"8":0,"9":0,"10":0,"11":0,"12":0,"13":0,"14":0,"15":0,"16":0,"17":0,"18":0,"19":0,"20":0,"21":0,"22":0,"23":0,"24":0,"25":0,"26":0,"27":0,"28":0,"29":0,"30":0,"31":0,"32":0},"b":{},"all":true},"/Users/javieralmenaraherrera/PROYECTO/final-project-e01/packages/backend/src/types/APITypes.ts":{"path":"/Users/javieralmenaraherrera/PROYECTO/final-project-e01/packages/backend/src/types/APITypes.ts","statementMap":{},"fnMap":{},"branchMap":{},"s":{},"f":{},"b":{},"all":true},"/Users/javieralmenaraherrera/PROYECTO/final-project-e01/packages/backend/src/Utils/CRUD-util-functions.ts":{"path":"/Users/javieralmenaraherrera/PROYECTO/final-project-e01/packages/backend/src/Utils/CRUD-util-functions.ts","statementMap":{"0":{"start":{"line":22,"column":19},"end":{"line":22,"column":58}},"1":{"start":{"line":30,"column":2},"end":{"line":40,"column":3}},"2":{"start":{"line":31,"column":4},"end":{"line":33,"column":5}},"3":{"start":{"line":32,"column":6},"end":{"line":32,"column":56}},"4":{"start":{"line":34,"column":32},"end":{"line":34,"column":60}},"5":{"start":{"line":35,"column":20},"end":{"line":35,"column":59}},"6":{"start":{"line":36,"column":4},"end":{"line":36,"column":19}},"7":{"start":{"line":38,"column":4},"end":{"line":38,"column":59}},"8":{"start":{"line":39,"column":4},"end":{"line":39,"column":54}},"9":{"start":{"line":49,"column":2},"end":{"line":63,"column":3}},"10":{"start":{"line":50,"column":25},"end":{"line":50,"column":54}},"11":{"start":{"line":51,"column":19},"end":{"line":51,"column":33}},"12":{"start":{"line":52,"column":4},"end":{"line":54,"column":5}},"13":{"start":{"line":53,"column":6},"end":{"line":53,"column":42}},"14":{"start":{"line":55,"column":20},"end":{"line":55,"column":58}},"15":{"start":{"line":56,"column":4},"end":{"line":58,"column":5}},"16":{"start":{"line":57,"column":6},"end":{"line":57,"column":40}},"17":{"start":{"line":59,"column":4},"end":{"line":59,"column":19}},"18":{"start":{"line":61,"column":4},"end":{"line":61,"column":56}},"19":{"start":{"line":62,"column":4},"end":{"line":62,"column":51}},"20":{"start":{"line":73,"column":2},"end":{"line":76,"column":3}},"21":{"start":{"line":85,"column":2},"end":{"line":85,"column":46}},"22":{"start":{"line":94,"column":15},"end":{"line":94,"column":80}},"23":{"start":{"line":95,"column":2},"end":{"line":98,"column":3}},"24":{"start":{"line":96,"column":4},"end":{"line":96,"column":69}},"25":{"start":{"line":97,"column":4},"end":{"line":97,"column":16}},"26":{"start":{"line":99,"column":2},"end":{"line":99,"column":14}},"27":{"start":{"line":109,"column":17},"end":{"line":112,"column":4}},"28":{"start":{"line":110,"column":17},"end":{"line":110,"column":38}},"29":{"start":{"line":111,"column":4},"end":{"line":111,"column":57}},"30":{"start":{"line":113,"column":2},"end":{"line":113,"column":34}},"31":{"start":{"line":123,"column":2},"end":{"line":126,"column":5}},"32":{"start":{"line":124,"column":17},"end":{"line":124,"column":48}},"33":{"start":{"line":125,"column":4},"end":{"line":125,"column":57}},"34":{"start":{"line":136,"column":2},"end":{"line":139,"column":4}},"35":{"start":{"line":137,"column":4},"end":{"line":138,"column":52}},"36":{"start":{"line":148,"column":2},"end":{"line":155,"column":6}},"37":{"start":{"line":149,"column":22},"end":{"line":149,"column":68}},"38":{"start":{"line":150,"column":4},"end":{"line":150,"column":69}},"39":{"start":{"line":150,"column":20},"end":{"line":150,"column":69}},"40":{"start":{"line":151,"column":4},"end":{"line":154,"column":6}},"41":{"start":{"line":165,"column":2},"end":{"line":169,"column":6}},"42":{"start":{"line":166,"column":22},"end":{"line":166,"column":61}},"43":{"start":{"line":167,"column":4},"end":{"line":167,"column":62}},"44":{"start":{"line":167,"column":20},"end":{"line":167,"column":62}},"45":{"start":{"line":168,"column":4},"end":{"line":168,"column":25}},"46":{"start":{"line":176,"column":2},"end":{"line":181,"column":3}},"47":{"start":{"line":177,"column":4},"end":{"line":180,"column":5}},"48":{"start":{"line":178,"column":6},"end":{"line":178,"column":99}},"49":{"start":{"line":179,"column":6},"end":{"line":179,"column":19}},"50":{"start":{"line":182,"column":2},"end":{"line":182,"column":14}},"51":{"start":{"line":189,"column":15},"end":{"line":189,"column":50}},"52":{"start":{"line":190,"column":2},"end":{"line":190,"column":61}},"53":{"start":{"line":190,"column":13},"end":{"line":190,"column":61}},"54":{"start":{"line":192,"column":29},"end":{"line":192,"column":102}},"55":{"start":{"line":193,"column":2},"end":{"line":193,"column":85}},"56":{"start":{"line":193,"column":27},"end":{"line":193,"column":85}},"57":{"start":{"line":195,"column":18},"end":{"line":195,"column":100}},"58":{"start":{"line":196,"column":2},"end":{"line":196,"column":69}},"59":{"start":{"line":196,"column":16},"end":{"line":196,"column":69}},"60":{"start":{"line":198,"column":19},"end":{"line":198,"column":118}},"61":{"start":{"line":199,"column":2},"end":{"line":199,"column":99}},"62":{"start":{"line":199,"column":17},"end":{"line":199,"column":99}},"63":{"start":{"line":201,"column":2},"end":{"line":201,"column":95}}},"fnMap":{"0":{"name":"getUserFromHeader","decl":{"start":{"line":29,"column":22},"end":{"line":29,"column":39}},"loc":{"start":{"line":29,"column":50},"end":{"line":41,"column":1}},"line":29},"1":{"name":"getUserofJWT","decl":{"start":{"line":48,"column":22},"end":{"line":48,"column":34}},"loc":{"start":{"line":48,"column":50},"end":{"line":64,"column":1}},"line":48},"2":{"name":"createResponseFormat","decl":{"start":{"line":72,"column":16},"end":{"line":72,"column":36}},"loc":{"start":{"line":72,"column":86},"end":{"line":77,"column":1}},"line":72},"3":{"name":"checkIfOrganizationExists","decl":{"start":{"line":84,"column":22},"end":{"line":84,"column":47}},"loc":{"start":{"line":84,"column":102},"end":{"line":86,"column":1}},"line":84},"4":{"name":"getAuthenticatedUser","decl":{"start":{"line":93,"column":22},"end":{"line":93,"column":42}},"loc":{"start":{"line":93,"column":63},"end":{"line":100,"column":1}},"line":93},"5":{"name":"isAdminOfOrganization","decl":{"start":{"line":108,"column":16},"end":{"line":108,"column":37}},"loc":{"start":{"line":108,"column":73},"end":{"line":114,"column":1}},"line":108},"6":{"name":"(anonymous_6)","decl":{"start":{"line":109,"column":43},"end":{"line":109,"column":44}},"loc":{"start":{"line":109,"column":55},"end":{"line":112,"column":3}},"line":109},"7":{"name":"isMemberOfOrganization","decl":{"start":{"line":122,"column":16},"end":{"line":122,"column":38}},"loc":{"start":{"line":122,"column":74},"end":{"line":127,"column":1}},"line":122},"8":{"name":"(anonymous_8)","decl":{"start":{"line":123,"column":35},"end":{"line":123,"column":36}},"loc":{"start":{"line":123,"column":52},"end":{"line":126,"column":3}},"line":123},"9":{"name":"isAdminOrOwnerOfProject","decl":{"start":{"line":135,"column":16},"end":{"line":135,"column":39}},"loc":{"start":{"line":135,"column":79},"end":{"line":140,"column":1}},"line":135},"10":{"name":"(anonymous_10)","decl":{"start":{"line":136,"column":28},"end":{"line":136,"column":29}},"loc":{"start":{"line":137,"column":4},"end":{"line":138,"column":52}},"line":137},"11":{"name":"mapMembersToObjectIds","decl":{"start":{"line":147,"column":22},"end":{"line":147,"column":43}},"loc":{"start":{"line":147,"column":60},"end":{"line":156,"column":1}},"line":147},"12":{"name":"(anonymous_12)","decl":{"start":{"line":148,"column":39},"end":{"line":148,"column":40}},"loc":{"start":{"line":148,"column":62},"end":{"line":155,"column":3}},"line":148},"13":{"name":"mapUsersToObjectIds","decl":{"start":{"line":164,"column":22},"end":{"line":164,"column":41}},"loc":{"start":{"line":164,"column":56},"end":{"line":170,"column":1}},"line":164},"14":{"name":"(anonymous_14)","decl":{"start":{"line":165,"column":37},"end":{"line":165,"column":38}},"loc":{"start":{"line":165,"column":58},"end":{"line":169,"column":3}},"line":165},"15":{"name":"validateRequiredFields","decl":{"start":{"line":175,"column":16},"end":{"line":175,"column":38}},"loc":{"start":{"line":175,"column":86},"end":{"line":183,"column":1}},"line":175},"16":{"name":"authenticateAndAuthorizeUser","decl":{"start":{"line":188,"column":22},"end":{"line":188,"column":50}},"loc":{"start":{"line":188,"column":108},"end":{"line":202,"column":1}},"line":188}},"branchMap":{"0":{"loc":{"start":{"line":22,"column":19},"end":{"line":22,"column":58}},"type":"binary-expr","locations":[{"start":{"line":22,"column":19},"end":{"line":22,"column":41}},{"start":{"line":22,"column":45},"end":{"line":22,"column":58}}],"line":22},"1":{"loc":{"start":{"line":31,"column":4},"end":{"line":33,"column":5}},"type":"if","locations":[{"start":{"line":31,"column":4},"end":{"line":33,"column":5}},{"start":{},"end":{}}],"line":31},"2":{"loc":{"start":{"line":52,"column":4},"end":{"line":54,"column":5}},"type":"if","locations":[{"start":{"line":52,"column":4},"end":{"line":54,"column":5}},{"start":{},"end":{}}],"line":52},"3":{"loc":{"start":{"line":56,"column":4},"end":{"line":58,"column":5}},"type":"if","locations":[{"start":{"line":56,"column":4},"end":{"line":58,"column":5}},{"start":{},"end":{}}],"line":56},"4":{"loc":{"start":{"line":95,"column":2},"end":{"line":98,"column":3}},"type":"if","locations":[{"start":{"line":95,"column":2},"end":{"line":98,"column":3}},{"start":{},"end":{}}],"line":95},"5":{"loc":{"start":{"line":110,"column":17},"end":{"line":110,"column":38}},"type":"binary-expr","locations":[{"start":{"line":110,"column":17},"end":{"line":110,"column":28}},{"start":{"line":110,"column":32},"end":{"line":110,"column":38}}],"line":110},"6":{"loc":{"start":{"line":111,"column":11},"end":{"line":111,"column":56}},"type":"binary-expr","locations":[{"start":{"line":111,"column":11},"end":{"line":111,"column":15}},{"start":{"line":111,"column":19},"end":{"line":111,"column":56}}],"line":111},"7":{"loc":{"start":{"line":124,"column":17},"end":{"line":124,"column":48}},"type":"binary-expr","locations":[{"start":{"line":124,"column":17},"end":{"line":124,"column":33}},{"start":{"line":124,"column":37},"end":{"line":124,"column":48}}],"line":124},"8":{"loc":{"start":{"line":125,"column":11},"end":{"line":125,"column":56}},"type":"binary-expr","locations":[{"start":{"line":125,"column":11},"end":{"line":125,"column":15}},{"start":{"line":125,"column":19},"end":{"line":125,"column":56}}],"line":125},"9":{"loc":{"start":{"line":137,"column":4},"end":{"line":138,"column":52}},"type":"binary-expr","locations":[{"start":{"line":137,"column":4},"end":{"line":137,"column":50}},{"start":{"line":138,"column":5},"end":{"line":138,"column":26}},{"start":{"line":138,"column":30},"end":{"line":138,"column":51}}],"line":137},"10":{"loc":{"start":{"line":150,"column":4},"end":{"line":150,"column":69}},"type":"if","locations":[{"start":{"line":150,"column":4},"end":{"line":150,"column":69}},{"start":{},"end":{}}],"line":150},"11":{"loc":{"start":{"line":167,"column":4},"end":{"line":167,"column":62}},"type":"if","locations":[{"start":{"line":167,"column":4},"end":{"line":167,"column":62}},{"start":{},"end":{}}],"line":167},"12":{"loc":{"start":{"line":177,"column":4},"end":{"line":180,"column":5}},"type":"if","locations":[{"start":{"line":177,"column":4},"end":{"line":180,"column":5}},{"start":{},"end":{}}],"line":177},"13":{"loc":{"start":{"line":190,"column":2},"end":{"line":190,"column":61}},"type":"if","locations":[{"start":{"line":190,"column":2},"end":{"line":190,"column":61}},{"start":{},"end":{}}],"line":190},"14":{"loc":{"start":{"line":193,"column":2},"end":{"line":193,"column":85}},"type":"if","locations":[{"start":{"line":193,"column":2},"end":{"line":193,"column":85}},{"start":{},"end":{}}],"line":193},"15":{"loc":{"start":{"line":196,"column":2},"end":{"line":196,"column":69}},"type":"if","locations":[{"start":{"line":196,"column":2},"end":{"line":196,"column":69}},{"start":{},"end":{}}],"line":196},"16":{"loc":{"start":{"line":199,"column":2},"end":{"line":199,"column":99}},"type":"if","locations":[{"start":{"line":199,"column":2},"end":{"line":199,"column":99}},{"start":{},"end":{}}],"line":199}},"s":{"0":0,"1":0,"2":0,"3":0,"4":0,"5":0,"6":0,"7":0,"8":0,"9":0,"10":0,"11":0,"12":0,"13":0,"14":0,"15":0,"16":0,"17":0,"18":0,"19":0,"20":0,"21":0,"22":0,"23":0,"24":0,"25":0,"26":0,"27":0,"28":0,"29":0,"30":0,"31":0,"32":0,"33":0,"34":0,"35":0,"36":0,"37":0,"38":0,"39":0,"40":0,"41":0,"42":0,"43":0,"44":0,"45":0,"46":0,"47":0,"48":0,"49":0,"50":0,"51":0,"52":0,"53":0,"54":0,"55":0,"56":0,"57":0,"58":0,"59":0,"60":0,"61":0,"62":0,"63":0},"f":{"0":0,"1":0,"2":0,"3":0,"4":0,"5":0,"6":0,"7":0,"8":0,"9":0,"10":0,"11":0,"12":0,"13":0,"14":0,"15":0,"16":0},"b":{"0":[0,0],"1":[0,0],"2":[0,0],"3":[0,0],"4":[0,0],"5":[0,0],"6":[0,0],"7":[0,0],"8":[0,0],"9":[0,0,0],"10":[0,0],"11":[0,0],"12":[0,0],"13":[0,0],"14":[0,0],"15":[0,0],"16":[0,0]},"all":true}}